<?xml version="1.0" ?>
<coverage branch-rate="0" branches-covered="0" branches-valid="0" complexity="0" line-rate="0.3159" lines-covered="2808" lines-valid="8890" timestamp="1594230210967" version="4.5.3">
	<!-- Generated by coverage.py: https://coverage.readthedocs.io -->
	<!-- Based on https://raw.githubusercontent.com/cobertura/web/master/htdocs/xml/coverage-04.dtd -->
	<sources/>
	<packages>
		<package branch-rate="0" complexity="0" line-rate="0.6835" name=".home.alex.python.pyvista.pyvista">
			<classes>
				<class branch-rate="0" complexity="0" filename="/home/alex/python/pyvista/pyvista/__init__.py" line-rate="0.6753" name="__init__.py">
					<methods/>
					<lines>
						<line hits="1" number="2"/>
						<line hits="1" number="3"/>
						<line hits="1" number="4"/>
						<line hits="1" number="5"/>
						<line hits="1" number="6"/>
						<line hits="1" number="7"/>
						<line hits="1" number="8"/>
						<line hits="1" number="10"/>
						<line hits="1" number="13"/>
						<line hits="1" number="14"/>
						<line hits="1" number="15"/>
						<line hits="0" number="16"/>
						<line hits="1" number="17"/>
						<line hits="1" number="18"/>
						<line hits="1" number="21"/>
						<line hits="1" number="22"/>
						<line hits="1" number="23"/>
						<line hits="1" number="29"/>
						<line hits="0" number="30"/>
						<line hits="1" number="33"/>
						<line hits="1" number="36"/>
						<line hits="1" number="37"/>
						<line hits="1" number="38"/>
						<line hits="0" number="39"/>
						<line hits="1" number="40"/>
						<line hits="1" number="41"/>
						<line hits="1" number="44"/>
						<line hits="1" number="45"/>
						<line hits="0" number="46"/>
						<line hits="0" number="47"/>
						<line hits="1" number="50"/>
						<line hits="1" number="51"/>
						<line hits="1" number="52"/>
						<line hits="1" number="53"/>
						<line hits="1" number="56"/>
						<line hits="1" number="58"/>
						<line hits="1" number="59"/>
						<line hits="1" number="60"/>
						<line hits="1" number="63"/>
						<line hits="1" number="66"/>
						<line hits="1" number="69"/>
						<line hits="1" number="70"/>
						<line hits="0" number="71"/>
						<line hits="1" number="75"/>
						<line hits="0" number="76"/>
						<line hits="0" number="77"/>
						<line hits="0" number="78"/>
						<line hits="1" number="80"/>
						<line hits="1" number="81"/>
						<line hits="1" number="82"/>
						<line hits="0" number="83"/>
						<line hits="0" number="84"/>
						<line hits="0" number="85"/>
						<line hits="0" number="86"/>
						<line hits="0" number="87"/>
						<line hits="0" number="88"/>
						<line hits="0" number="92"/>
						<line hits="1" number="95"/>
						<line hits="1" number="99"/>
						<line hits="1" number="100"/>
						<line hits="0" number="101"/>
						<line hits="0" number="102"/>
						<line hits="0" number="103"/>
						<line hits="1" number="104"/>
						<line hits="1" number="105"/>
						<line hits="1" number="107"/>
						<line hits="0" number="108"/>
						<line hits="0" number="109"/>
						<line hits="0" number="110"/>
						<line hits="0" number="111"/>
						<line hits="0" number="112"/>
						<line hits="1" number="115"/>
						<line hits="1" number="116"/>
						<line hits="0" number="117"/>
						<line hits="1" number="118"/>
						<line hits="1" number="119"/>
						<line hits="1" number="123"/>
					</lines>
				</class>
				<class branch-rate="0" complexity="0" filename="/home/alex/python/pyvista/pyvista/_version.py" line-rate="1" name="_version.py">
					<methods/>
					<lines>
						<line hits="1" number="3"/>
						<line hits="1" number="6"/>
					</lines>
				</class>
			</classes>
		</package>
		<package branch-rate="0" complexity="0" line-rate="0.3081" name=".home.alex.python.pyvista.pyvista.core">
			<classes>
				<class branch-rate="0" complexity="0" filename="/home/alex/python/pyvista/pyvista/core/__init__.py" line-rate="1" name="__init__.py">
					<methods/>
					<lines>
						<line hits="1" number="3"/>
						<line hits="1" number="4"/>
						<line hits="1" number="5"/>
						<line hits="1" number="6"/>
						<line hits="1" number="8"/>
						<line hits="1" number="9"/>
						<line hits="1" number="10"/>
						<line hits="1" number="11"/>
					</lines>
				</class>
				<class branch-rate="0" complexity="0" filename="/home/alex/python/pyvista/pyvista/core/common.py" line-rate="0.501" name="common.py">
					<methods/>
					<lines>
						<line hits="1" number="3"/>
						<line hits="1" number="4"/>
						<line hits="1" number="5"/>
						<line hits="1" number="6"/>
						<line hits="1" number="8"/>
						<line hits="1" number="9"/>
						<line hits="1" number="11"/>
						<line hits="1" number="12"/>
						<line hits="1" number="15"/>
						<line hits="1" number="16"/>
						<line hits="1" number="18"/>
						<line hits="1" number="19"/>
						<line hits="1" number="22"/>
						<line hits="1" number="24"/>
						<line hits="1" number="27"/>
						<line hits="1" number="31"/>
						<line hits="1" number="32"/>
						<line hits="1" number="34"/>
						<line hits="1" number="36"/>
						<line hits="1" number="39"/>
						<line hits="1" number="41"/>
						<line hits="1" number="43"/>
						<line hits="1" number="45"/>
						<line hits="1" number="47"/>
						<line hits="1" number="49"/>
						<line hits="1" number="63"/>
						<line hits="0" number="64"/>
						<line hits="1" number="68"/>
						<line hits="1" number="69"/>
						<line hits="0" number="70"/>
						<line hits="1" number="72"/>
						<line hits="1" number="73"/>
						<line hits="0" number="74"/>
						<line hits="0" number="75"/>
						<line hits="1" number="78"/>
						<line hits="1" number="79"/>
						<line hits="1" number="80"/>
						<line hits="1" number="81"/>
						<line hits="1" number="83"/>
						<line hits="1" number="101"/>
						<line hits="0" number="102"/>
						<line hits="1" number="106"/>
						<line hits="1" number="107"/>
						<line hits="1" number="108"/>
						<line hits="0" number="109"/>
						<line hits="1" number="112"/>
						<line hits="1" number="113"/>
						<line hits="1" number="114"/>
						<line hits="1" number="115"/>
						<line hits="1" number="116"/>
						<line hits="1" number="139"/>
						<line hits="0" number="146"/>
						<line hits="0" number="147"/>
						<line hits="0" number="149"/>
						<line hits="0" number="150"/>
						<line hits="0" number="151"/>
						<line hits="0" number="152"/>
						<line hits="0" number="154"/>
						<line hits="0" number="155"/>
						<line hits="0" number="156"/>
						<line hits="0" number="157"/>
						<line hits="0" number="158"/>
						<line hits="0" number="159"/>
						<line hits="0" number="160"/>
						<line hits="0" number="161"/>
						<line hits="0" number="162"/>
						<line hits="0" number="163"/>
						<line hits="0" number="164"/>
						<line hits="0" number="165"/>
						<line hits="0" number="166"/>
						<line hits="0" number="167"/>
						<line hits="0" number="169"/>
						<line hits="0" number="171"/>
						<line hits="0" number="172"/>
						<line hits="0" number="173"/>
						<line hits="0" number="174"/>
						<line hits="0" number="175"/>
						<line hits="0" number="176"/>
						<line hits="0" number="177"/>
						<line hits="0" number="178"/>
						<line hits="0" number="179"/>
						<line hits="1" number="193"/>
						<line hits="1" number="207"/>
						<line hits="1" number="208"/>
						<line hits="1" number="209"/>
						<line hits="1" number="210"/>
						<line hits="1" number="212"/>
						<line hits="1" number="213"/>
						<line hits="1" number="214"/>
						<line hits="1" number="216"/>
						<line hits="0" number="233"/>
						<line hits="1" number="244"/>
						<line hits="0" number="246"/>
						<line hits="1" number="248"/>
						<line hits="1" number="251"/>
						<line hits="1" number="253"/>
						<line hits="0" number="255"/>
						<line hits="1" number="257"/>
						<line hits="1" number="260"/>
						<line hits="1" number="263"/>
						<line hits="1" number="264"/>
						<line hits="1" number="268"/>
						<line hits="1" number="270"/>
						<line hits="1" number="272"/>
						<line hits="1" number="273"/>
						<line hits="1" number="274"/>
						<line hits="1" number="275"/>
						<line hits="1" number="277"/>
						<line hits="1" number="280"/>
						<line hits="1" number="281"/>
						<line hits="1" number="282"/>
						<line hits="0" number="283"/>
						<line hits="1" number="285"/>
						<line hits="1" number="286"/>
						<line hits="1" number="288"/>
						<line hits="1" number="289"/>
						<line hits="1" number="290"/>
						<line hits="1" number="291"/>
						<line hits="1" number="292"/>
						<line hits="1" number="293"/>
						<line hits="1" number="295"/>
						<line hits="1" number="296"/>
						<line hits="1" number="298"/>
						<line hits="1" number="307"/>
						<line hits="1" number="310"/>
						<line hits="1" number="312"/>
						<line hits="1" number="313"/>
						<line hits="1" number="314"/>
						<line hits="1" number="316"/>
						<line hits="0" number="319"/>
						<line hits="0" number="320"/>
						<line hits="0" number="321"/>
						<line hits="0" number="322"/>
						<line hits="0" number="323"/>
						<line hits="0" number="324"/>
						<line hits="1" number="326"/>
						<line hits="0" number="329"/>
						<line hits="1" number="331"/>
						<line hits="0" number="334"/>
						<line hits="1" number="336"/>
						<line hits="1" number="339"/>
						<line hits="1" number="341"/>
						<line hits="0" number="344"/>
						<line hits="1" number="346"/>
						<line hits="1" number="352"/>
						<line hits="1" number="358"/>
						<line hits="1" number="361"/>
						<line hits="1" number="362"/>
						<line hits="0" number="363"/>
						<line hits="1" number="364"/>
						<line hits="1" number="366"/>
						<line hits="1" number="368"/>
						<line hits="1" number="371"/>
						<line hits="0" number="372"/>
						<line hits="1" number="373"/>
						<line hits="1" number="374"/>
						<line hits="1" number="375"/>
						<line hits="0" number="376"/>
						<line hits="1" number="378"/>
						<line hits="1" number="379"/>
						<line hits="1" number="380"/>
						<line hits="1" number="382"/>
						<line hits="0" number="396"/>
						<line hits="0" number="397"/>
						<line hits="0" number="398"/>
						<line hits="0" number="399"/>
						<line hits="1" number="401"/>
						<line hits="0" number="404"/>
						<line hits="1" number="406"/>
						<line hits="0" number="409"/>
						<line hits="0" number="410"/>
						<line hits="0" number="411"/>
						<line hits="0" number="412"/>
						<line hits="0" number="413"/>
						<line hits="0" number="414"/>
						<line hits="0" number="416"/>
						<line hits="0" number="417"/>
						<line hits="1" number="419"/>
						<line hits="0" number="422"/>
						<line hits="1" number="424"/>
						<line hits="0" number="427"/>
						<line hits="1" number="429"/>
						<line hits="1" number="437"/>
						<line hits="1" number="438"/>
						<line hits="1" number="439"/>
						<line hits="1" number="441"/>
						<line hits="0" number="443"/>
						<line hits="0" number="444"/>
						<line hits="1" number="446"/>
						<line hits="0" number="461"/>
						<line hits="0" number="462"/>
						<line hits="0" number="464"/>
						<line hits="0" number="465"/>
						<line hits="0" number="466"/>
						<line hits="0" number="467"/>
						<line hits="0" number="468"/>
						<line hits="0" number="469"/>
						<line hits="0" number="470"/>
						<line hits="0" number="471"/>
						<line hits="0" number="473"/>
						<line hits="0" number="474"/>
						<line hits="0" number="475"/>
						<line hits="0" number="476"/>
						<line hits="0" number="477"/>
						<line hits="0" number="481"/>
						<line hits="0" number="482"/>
						<line hits="0" number="483"/>
						<line hits="0" number="484"/>
						<line hits="0" number="485"/>
						<line hits="0" number="486"/>
						<line hits="1" number="488"/>
						<line hits="0" number="494"/>
						<line hits="0" number="495"/>
						<line hits="0" number="496"/>
						<line hits="0" number="497"/>
						<line hits="0" number="498"/>
						<line hits="0" number="499"/>
						<line hits="0" number="500"/>
						<line hits="0" number="501"/>
						<line hits="0" number="502"/>
						<line hits="0" number="503"/>
						<line hits="0" number="505"/>
						<line hits="0" number="506"/>
						<line hits="1" number="516"/>
						<line hits="1" number="522"/>
						<line hits="0" number="523"/>
						<line hits="0" number="524"/>
						<line hits="0" number="525"/>
						<line hits="1" number="526"/>
						<line hits="1" number="527"/>
						<line hits="1" number="528"/>
						<line hits="0" number="529"/>
						<line hits="0" number="530"/>
						<line hits="0" number="532"/>
						<line hits="1" number="533"/>
						<line hits="1" number="535"/>
						<line hits="0" number="537"/>
						<line hits="0" number="538"/>
						<line hits="0" number="539"/>
						<line hits="0" number="540"/>
						<line hits="0" number="541"/>
						<line hits="0" number="542"/>
						<line hits="0" number="543"/>
						<line hits="0" number="544"/>
						<line hits="0" number="545"/>
						<line hits="0" number="546"/>
						<line hits="0" number="548"/>
						<line hits="0" number="549"/>
						<line hits="0" number="550"/>
						<line hits="1" number="561"/>
						<line hits="1" number="564"/>
						<line hits="1" number="565"/>
						<line hits="1" number="566"/>
						<line hits="1" number="567"/>
						<line hits="0" number="568"/>
						<line hits="0" number="569"/>
						<line hits="1" number="571"/>
						<line hits="1" number="581"/>
						<line hits="1" number="600"/>
						<line hits="1" number="601"/>
						<line hits="1" number="602"/>
						<line hits="1" number="603"/>
						<line hits="1" number="614"/>
						<line hits="0" number="629"/>
						<line hits="0" number="631"/>
						<line hits="0" number="632"/>
						<line hits="0" number="633"/>
						<line hits="0" number="635"/>
						<line hits="0" number="636"/>
						<line hits="0" number="638"/>
						<line hits="0" number="640"/>
						<line hits="0" number="641"/>
						<line hits="0" number="643"/>
						<line hits="1" number="645"/>
						<line hits="0" number="647"/>
						<line hits="0" number="648"/>
						<line hits="1" number="650"/>
						<line hits="0" number="659"/>
						<line hits="1" number="661"/>
						<line hits="1" number="670"/>
						<line hits="1" number="672"/>
						<line hits="1" number="681"/>
						<line hits="1" number="683"/>
						<line hits="0" number="692"/>
						<line hits="1" number="694"/>
						<line hits="1" number="703"/>
						<line hits="0" number="704"/>
						<line hits="1" number="705"/>
						<line hits="0" number="706"/>
						<line hits="1" number="707"/>
						<line hits="1" number="708"/>
						<line hits="0" number="709"/>
						<line hits="1" number="710"/>
						<line hits="0" number="711"/>
						<line hits="1" number="712"/>
						<line hits="0" number="714"/>
						<line hits="1" number="719"/>
						<line hits="1" number="720"/>
						<line hits="1" number="721"/>
						<line hits="1" number="724"/>
						<line hits="1" number="725"/>
						<line hits="1" number="726"/>
						<line hits="1" number="728"/>
						<line hits="1" number="747"/>
						<line hits="1" number="748"/>
						<line hits="1" number="749"/>
						<line hits="1" number="750"/>
						<line hits="1" number="761"/>
						<line hits="1" number="763"/>
						<line hits="1" number="764"/>
						<line hits="1" number="765"/>
						<line hits="0" number="766"/>
						<line hits="0" number="767"/>
						<line hits="0" number="768"/>
						<line hits="1" number="770"/>
						<line hits="1" number="773"/>
						<line hits="1" number="775"/>
						<line hits="0" number="777"/>
						<line hits="0" number="778"/>
						<line hits="0" number="779"/>
						<line hits="0" number="780"/>
						<line hits="0" number="781"/>
						<line hits="0" number="782"/>
						<line hits="0" number="783"/>
						<line hits="0" number="785"/>
						<line hits="0" number="786"/>
						<line hits="1" number="788"/>
						<line hits="0" number="790"/>
						<line hits="1" number="792"/>
						<line hits="0" number="794"/>
						<line hits="1" number="796"/>
						<line hits="0" number="798"/>
						<line hits="0" number="799"/>
						<line hits="0" number="800"/>
						<line hits="1" number="802"/>
						<line hits="1" number="805"/>
						<line hits="1" number="807"/>
						<line hits="1" number="810"/>
						<line hits="1" number="812"/>
						<line hits="1" number="815"/>
						<line hits="1" number="817"/>
						<line hits="1" number="822"/>
						<line hits="1" number="827"/>
						<line hits="0" number="834"/>
						<line hits="1" number="836"/>
						<line hits="0" number="839"/>
						<line hits="1" number="841"/>
						<line hits="1" number="844"/>
						<line hits="1" number="846"/>
						<line hits="0" number="849"/>
						<line hits="0" number="850"/>
						<line hits="1" number="852"/>
						<line hits="0" number="855"/>
						<line hits="0" number="856"/>
						<line hits="0" number="857"/>
						<line hits="0" number="858"/>
						<line hits="0" number="860"/>
						<line hits="1" number="862"/>
						<line hits="0" number="872"/>
						<line hits="0" number="873"/>
						<line hits="1" number="875"/>
						<line hits="0" number="877"/>
						<line hits="1" number="879"/>
						<line hits="0" number="881"/>
						<line hits="0" number="882"/>
						<line hits="0" number="883"/>
						<line hits="0" number="884"/>
						<line hits="0" number="885"/>
						<line hits="0" number="887"/>
						<line hits="0" number="888"/>
						<line hits="1" number="890"/>
						<line hits="0" number="891"/>
						<line hits="1" number="893"/>
						<line hits="1" number="902"/>
						<line hits="0" number="903"/>
						<line hits="1" number="904"/>
						<line hits="0" number="905"/>
						<line hits="1" number="907"/>
						<line hits="1" number="908"/>
						<line hits="0" number="909"/>
						<line hits="0" number="910"/>
						<line hits="0" number="914"/>
						<line hits="1" number="915"/>
						<line hits="1" number="917"/>
						<line hits="0" number="920"/>
						<line hits="0" number="921"/>
						<line hits="0" number="922"/>
						<line hits="0" number="923"/>
						<line hits="1" number="925"/>
						<line hits="1" number="935"/>
						<line hits="1" number="942"/>
						<line hits="1" number="943"/>
						<line hits="1" number="944"/>
						<line hits="1" number="945"/>
						<line hits="1" number="946"/>
						<line hits="1" number="947"/>
						<line hits="1" number="948"/>
						<line hits="1" number="949"/>
						<line hits="1" number="950"/>
						<line hits="1" number="951"/>
						<line hits="1" number="953"/>
						<line hits="1" number="963"/>
						<line hits="0" number="965"/>
						<line hits="0" number="966"/>
						<line hits="0" number="967"/>
						<line hits="0" number="968"/>
						<line hits="0" number="969"/>
						<line hits="0" number="970"/>
						<line hits="0" number="971"/>
						<line hits="0" number="972"/>
						<line hits="0" number="975"/>
						<line hits="1" number="977"/>
						<line hits="0" number="983"/>
						<line hits="0" number="984"/>
						<line hits="0" number="985"/>
						<line hits="0" number="986"/>
						<line hits="0" number="987"/>
						<line hits="0" number="989"/>
						<line hits="0" number="991"/>
						<line hits="0" number="992"/>
						<line hits="0" number="993"/>
						<line hits="0" number="994"/>
						<line hits="0" number="995"/>
						<line hits="0" number="996"/>
						<line hits="0" number="997"/>
						<line hits="0" number="998"/>
						<line hits="0" number="1000"/>
						<line hits="0" number="1002"/>
						<line hits="0" number="1003"/>
						<line hits="0" number="1004"/>
						<line hits="0" number="1005"/>
						<line hits="0" number="1006"/>
						<line hits="0" number="1007"/>
						<line hits="0" number="1008"/>
						<line hits="0" number="1010"/>
						<line hits="0" number="1011"/>
						<line hits="0" number="1013"/>
						<line hits="0" number="1014"/>
						<line hits="0" number="1015"/>
						<line hits="0" number="1016"/>
						<line hits="0" number="1017"/>
						<line hits="0" number="1018"/>
						<line hits="0" number="1020"/>
						<line hits="0" number="1021"/>
						<line hits="0" number="1022"/>
						<line hits="0" number="1023"/>
						<line hits="1" number="1025"/>
						<line hits="0" number="1027"/>
						<line hits="1" number="1029"/>
						<line hits="0" number="1031"/>
						<line hits="1" number="1033"/>
						<line hits="1" number="1042"/>
						<line hits="0" number="1043"/>
						<line hits="1" number="1045"/>
						<line hits="1" number="1046"/>
						<line hits="1" number="1047"/>
						<line hits="1" number="1049"/>
						<line hits="1" number="1051"/>
						<line hits="1" number="1052"/>
						<line hits="1" number="1053"/>
						<line hits="1" number="1054"/>
						<line hits="1" number="1056"/>
						<line hits="0" number="1077"/>
						<line hits="0" number="1078"/>
						<line hits="0" number="1079"/>
						<line hits="0" number="1080"/>
						<line hits="0" number="1081"/>
						<line hits="0" number="1082"/>
						<line hits="0" number="1083"/>
						<line hits="0" number="1084"/>
						<line hits="0" number="1085"/>
						<line hits="0" number="1086"/>
						<line hits="0" number="1087"/>
						<line hits="0" number="1089"/>
						<line hits="0" number="1090"/>
						<line hits="0" number="1091"/>
						<line hits="0" number="1092"/>
						<line hits="1" number="1095"/>
						<line hits="1" number="1097"/>
						<line hits="1" number="1100"/>
						<line hits="1" number="1101"/>
						<line hits="1" number="1104"/>
						<line hits="1" number="1105"/>
						<line hits="1" number="1107"/>
						<line hits="1" number="1108"/>
						<line hits="1" number="1109"/>
						<line hits="1" number="1110"/>
						<line hits="1" number="1111"/>
						<line hits="1" number="1112"/>
						<line hits="1" number="1113"/>
						<line hits="1" number="1114"/>
						<line hits="1" number="1115"/>
						<line hits="1" number="1116"/>
						<line hits="1" number="1117"/>
						<line hits="1" number="1118"/>
						<line hits="1" number="1119"/>
						<line hits="1" number="1120"/>
						<line hits="1" number="1121"/>
						<line hits="0" number="1123"/>
						<line hits="1" number="1125"/>
						<line hits="1" number="1126"/>
					</lines>
				</class>
				<class branch-rate="0" complexity="0" filename="/home/alex/python/pyvista/pyvista/core/composite.py" line-rate="0.1783" name="composite.py">
					<methods/>
					<lines>
						<line hits="1" number="6"/>
						<line hits="1" number="7"/>
						<line hits="1" number="9"/>
						<line hits="1" number="10"/>
						<line hits="1" number="11"/>
						<line hits="1" number="13"/>
						<line hits="1" number="14"/>
						<line hits="1" number="15"/>
						<line hits="1" number="16"/>
						<line hits="1" number="18"/>
						<line hits="1" number="19"/>
						<line hits="1" number="22"/>
						<line hits="1" number="62"/>
						<line hits="1" number="63"/>
						<line hits="1" number="64"/>
						<line hits="1" number="66"/>
						<line hits="0" number="68"/>
						<line hits="0" number="69"/>
						<line hits="0" number="70"/>
						<line hits="0" number="72"/>
						<line hits="0" number="73"/>
						<line hits="0" number="74"/>
						<line hits="0" number="75"/>
						<line hits="0" number="77"/>
						<line hits="0" number="78"/>
						<line hits="0" number="79"/>
						<line hits="0" number="80"/>
						<line hits="0" number="81"/>
						<line hits="0" number="82"/>
						<line hits="0" number="83"/>
						<line hits="0" number="84"/>
						<line hits="0" number="85"/>
						<line hits="0" number="86"/>
						<line hits="0" number="87"/>
						<line hits="0" number="90"/>
						<line hits="0" number="93"/>
						<line hits="1" number="95"/>
						<line hits="0" number="101"/>
						<line hits="0" number="102"/>
						<line hits="0" number="103"/>
						<line hits="0" number="104"/>
						<line hits="0" number="105"/>
						<line hits="1" number="107"/>
						<line hits="0" number="117"/>
						<line hits="0" number="119"/>
						<line hits="0" number="121"/>
						<line hits="0" number="122"/>
						<line hits="0" number="123"/>
						<line hits="0" number="124"/>
						<line hits="0" number="125"/>
						<line hits="0" number="128"/>
						<line hits="0" number="129"/>
						<line hits="0" number="130"/>
						<line hits="0" number="131"/>
						<line hits="0" number="132"/>
						<line hits="0" number="133"/>
						<line hits="0" number="135"/>
						<line hits="1" number="137"/>
						<line hits="0" number="140"/>
						<line hits="1" number="142"/>
						<line hits="0" number="145"/>
						<line hits="1" number="147"/>
						<line hits="0" number="150"/>
						<line hits="1" number="152"/>
						<line hits="0" number="155"/>
						<line hits="0" number="156"/>
						<line hits="1" number="158"/>
						<line hits="0" number="168"/>
						<line hits="0" number="169"/>
						<line hits="0" number="170"/>
						<line hits="0" number="171"/>
						<line hits="0" number="172"/>
						<line hits="0" number="173"/>
						<line hits="1" number="175"/>
						<line hits="0" number="177"/>
						<line hits="0" number="178"/>
						<line hits="0" number="179"/>
						<line hits="0" number="180"/>
						<line hits="0" number="181"/>
						<line hits="0" number="183"/>
						<line hits="0" number="184"/>
						<line hits="0" number="185"/>
						<line hits="0" number="186"/>
						<line hits="0" number="187"/>
						<line hits="0" number="188"/>
						<line hits="1" number="190"/>
						<line hits="0" number="192"/>
						<line hits="0" number="193"/>
						<line hits="0" number="194"/>
						<line hits="0" number="195"/>
						<line hits="1" number="197"/>
						<line hits="0" number="203"/>
						<line hits="0" number="204"/>
						<line hits="0" number="205"/>
						<line hits="0" number="206"/>
						<line hits="0" number="207"/>
						<line hits="0" number="208"/>
						<line hits="0" number="209"/>
						<line hits="0" number="210"/>
						<line hits="0" number="211"/>
						<line hits="0" number="212"/>
						<line hits="0" number="213"/>
						<line hits="0" number="214"/>
						<line hits="0" number="216"/>
						<line hits="0" number="217"/>
						<line hits="0" number="218"/>
						<line hits="0" number="219"/>
						<line hits="0" number="220"/>
						<line hits="0" number="222"/>
						<line hits="0" number="223"/>
						<line hits="0" number="224"/>
						<line hits="0" number="225"/>
						<line hits="0" number="226"/>
						<line hits="0" number="227"/>
						<line hits="0" number="228"/>
						<line hits="0" number="229"/>
						<line hits="0" number="230"/>
						<line hits="0" number="231"/>
						<line hits="0" number="232"/>
						<line hits="0" number="233"/>
						<line hits="1" number="235"/>
						<line hits="0" number="237"/>
						<line hits="0" number="238"/>
						<line hits="0" number="239"/>
						<line hits="1" number="241"/>
						<line hits="0" number="247"/>
						<line hits="1" number="249"/>
						<line hits="0" number="251"/>
						<line hits="0" number="252"/>
						<line hits="0" number="253"/>
						<line hits="0" number="254"/>
						<line hits="1" number="256"/>
						<line hits="0" number="258"/>
						<line hits="0" number="259"/>
						<line hits="0" number="260"/>
						<line hits="0" number="261"/>
						<line hits="1" number="263"/>
						<line hits="0" number="265"/>
						<line hits="0" number="266"/>
						<line hits="0" number="267"/>
						<line hits="0" number="268"/>
						<line hits="1" number="270"/>
						<line hits="0" number="271"/>
						<line hits="1" number="273"/>
						<line hits="0" number="289"/>
						<line hits="0" number="290"/>
						<line hits="0" number="291"/>
						<line hits="0" number="292"/>
						<line hits="0" number="293"/>
						<line hits="0" number="294"/>
						<line hits="0" number="295"/>
						<line hits="0" number="296"/>
						<line hits="0" number="298"/>
						<line hits="0" number="299"/>
						<line hits="0" number="300"/>
						<line hits="0" number="301"/>
						<line hits="0" number="302"/>
						<line hits="0" number="303"/>
						<line hits="0" number="305"/>
						<line hits="0" number="306"/>
						<line hits="0" number="307"/>
						<line hits="0" number="308"/>
						<line hits="0" number="309"/>
						<line hits="0" number="310"/>
						<line hits="1" number="312"/>
						<line hits="0" number="314"/>
						<line hits="0" number="315"/>
						<line hits="0" number="316"/>
						<line hits="1" number="318"/>
						<line hits="0" number="320"/>
						<line hits="0" number="321"/>
						<line hits="1" number="323"/>
						<line hits="0" number="325"/>
						<line hits="0" number="326"/>
						<line hits="0" number="327"/>
						<line hits="0" number="328"/>
						<line hits="0" number="330"/>
						<line hits="1" number="332"/>
						<line hits="1" number="334"/>
						<line hits="0" number="336"/>
						<line hits="0" number="337"/>
						<line hits="0" number="338"/>
						<line hits="1" number="340"/>
						<line hits="0" number="349"/>
						<line hits="0" number="350"/>
						<line hits="0" number="351"/>
						<line hits="0" number="353"/>
						<line hits="0" number="354"/>
						<line hits="0" number="355"/>
						<line hits="0" number="356"/>
						<line hits="0" number="357"/>
						<line hits="0" number="358"/>
						<line hits="0" number="359"/>
						<line hits="0" number="361"/>
						<line hits="0" number="362"/>
						<line hits="0" number="364"/>
						<line hits="0" number="365"/>
						<line hits="0" number="366"/>
						<line hits="1" number="368"/>
						<line hits="0" number="370"/>
						<line hits="0" number="371"/>
						<line hits="0" number="372"/>
						<line hits="0" number="373"/>
						<line hits="0" number="374"/>
						<line hits="0" number="375"/>
						<line hits="0" number="376"/>
						<line hits="1" number="378"/>
						<line hits="0" number="380"/>
						<line hits="0" number="381"/>
						<line hits="0" number="382"/>
						<line hits="0" number="383"/>
						<line hits="0" number="384"/>
						<line hits="0" number="385"/>
						<line hits="0" number="386"/>
						<line hits="0" number="387"/>
						<line hits="0" number="390"/>
						<line hits="0" number="391"/>
						<line hits="0" number="392"/>
						<line hits="0" number="393"/>
						<line hits="0" number="394"/>
						<line hits="0" number="396"/>
						<line hits="0" number="397"/>
						<line hits="0" number="398"/>
						<line hits="0" number="399"/>
						<line hits="0" number="400"/>
						<line hits="0" number="401"/>
						<line hits="0" number="402"/>
						<line hits="0" number="404"/>
						<line hits="0" number="405"/>
						<line hits="0" number="406"/>
						<line hits="0" number="408"/>
						<line hits="0" number="409"/>
						<line hits="0" number="410"/>
						<line hits="0" number="411"/>
						<line hits="1" number="413"/>
						<line hits="0" number="416"/>
						<line hits="0" number="418"/>
						<line hits="0" number="419"/>
						<line hits="0" number="420"/>
						<line hits="0" number="421"/>
						<line hits="0" number="422"/>
						<line hits="0" number="423"/>
						<line hits="0" number="424"/>
						<line hits="1" number="426"/>
						<line hits="0" number="428"/>
						<line hits="1" number="430"/>
						<line hits="0" number="432"/>
						<line hits="1" number="434"/>
						<line hits="0" number="439"/>
						<line hits="1" number="441"/>
						<line hits="0" number="455"/>
						<line hits="0" number="456"/>
						<line hits="0" number="457"/>
						<line hits="0" number="458"/>
						<line hits="0" number="460"/>
						<line hits="0" number="461"/>
						<line hits="0" number="462"/>
						<line hits="0" number="463"/>
					</lines>
				</class>
				<class branch-rate="0" complexity="0" filename="/home/alex/python/pyvista/pyvista/core/datasetattributes.py" line-rate="0.5906" name="datasetattributes.py">
					<methods/>
					<lines>
						<line hits="1" number="3"/>
						<line hits="1" number="5"/>
						<line hits="1" number="6"/>
						<line hits="1" number="7"/>
						<line hits="1" number="9"/>
						<line hits="1" number="10"/>
						<line hits="1" number="11"/>
						<line hits="1" number="14"/>
						<line hits="1" number="33"/>
						<line hits="1" number="35"/>
						<line hits="1" number="36"/>
						<line hits="1" number="37"/>
						<line hits="1" number="39"/>
						<line hits="0" number="41"/>
						<line hits="1" number="46"/>
						<line hits="1" number="51"/>
						<line hits="1" number="53"/>
						<line hits="1" number="55"/>
						<line hits="1" number="57"/>
						<line hits="1" number="59"/>
						<line hits="1" number="61"/>
						<line hits="1" number="63"/>
						<line hits="1" number="65"/>
						<line hits="1" number="67"/>
						<line hits="1" number="68"/>
						<line hits="1" number="70"/>
						<line hits="0" number="72"/>
						<line hits="1" number="74"/>
						<line hits="0" number="77"/>
						<line hits="0" number="78"/>
						<line hits="0" number="79"/>
						<line hits="1" number="81"/>
						<line hits="1" number="82"/>
						<line hits="1" number="84"/>
						<line hits="1" number="85"/>
						<line hits="1" number="87"/>
						<line hits="0" number="90"/>
						<line hits="0" number="91"/>
						<line hits="0" number="92"/>
						<line hits="1" number="94"/>
						<line hits="1" number="95"/>
						<line hits="1" number="97"/>
						<line hits="1" number="98"/>
						<line hits="1" number="100"/>
						<line hits="0" number="106"/>
						<line hits="0" number="107"/>
						<line hits="0" number="108"/>
						<line hits="0" number="109"/>
						<line hits="1" number="111"/>
						<line hits="0" number="114"/>
						<line hits="0" number="115"/>
						<line hits="0" number="116"/>
						<line hits="1" number="118"/>
						<line hits="1" number="119"/>
						<line hits="0" number="121"/>
						<line hits="0" number="122"/>
						<line hits="0" number="123"/>
						<line hits="0" number="124"/>
						<line hits="0" number="125"/>
						<line hits="0" number="126"/>
						<line hits="0" number="127"/>
						<line hits="0" number="128"/>
						<line hits="0" number="129"/>
						<line hits="0" number="131"/>
						<line hits="0" number="132"/>
						<line hits="0" number="133"/>
						<line hits="1" number="135"/>
						<line hits="1" number="151"/>
						<line hits="1" number="152"/>
						<line hits="1" number="153"/>
						<line hits="0" number="154"/>
						<line hits="0" number="155"/>
						<line hits="0" number="156"/>
						<line hits="0" number="157"/>
						<line hits="0" number="158"/>
						<line hits="1" number="159"/>
						<line hits="1" number="160"/>
						<line hits="0" number="161"/>
						<line hits="1" number="162"/>
						<line hits="1" number="164"/>
						<line hits="1" number="184"/>
						<line hits="0" number="185"/>
						<line hits="1" number="186"/>
						<line hits="1" number="187"/>
						<line hits="1" number="189"/>
						<line hits="1" number="190"/>
						<line hits="1" number="191"/>
						<line hits="1" number="192"/>
						<line hits="0" number="193"/>
						<line hits="0" number="194"/>
						<line hits="0" number="196"/>
						<line hits="1" number="199"/>
						<line hits="0" number="200"/>
						<line hits="0" number="201"/>
						<line hits="0" number="202"/>
						<line hits="1" number="204"/>
						<line hits="0" number="205"/>
						<line hits="1" number="208"/>
						<line hits="1" number="209"/>
						<line hits="1" number="210"/>
						<line hits="1" number="212"/>
						<line hits="1" number="213"/>
						<line hits="0" number="219"/>
						<line hits="0" number="220"/>
						<line hits="0" number="223"/>
						<line hits="1" number="226"/>
						<line hits="1" number="227"/>
						<line hits="1" number="230"/>
						<line hits="0" number="231"/>
						<line hits="1" number="234"/>
						<line hits="0" number="235"/>
						<line hits="1" number="240"/>
						<line hits="1" number="242"/>
						<line hits="1" number="243"/>
						<line hits="1" number="244"/>
						<line hits="1" number="245"/>
						<line hits="1" number="246"/>
						<line hits="1" number="247"/>
						<line hits="1" number="249"/>
						<line hits="1" number="250"/>
						<line hits="0" number="251"/>
						<line hits="0" number="252"/>
						<line hits="1" number="253"/>
						<line hits="1" number="256"/>
						<line hits="1" number="264"/>
						<line hits="1" number="265"/>
						<line hits="1" number="266"/>
						<line hits="1" number="267"/>
						<line hits="1" number="268"/>
						<line hits="1" number="269"/>
						<line hits="1" number="270"/>
						<line hits="1" number="271"/>
						<line hits="1" number="273"/>
						<line hits="0" number="286"/>
						<line hits="0" number="287"/>
						<line hits="0" number="288"/>
						<line hits="0" number="289"/>
						<line hits="0" number="290"/>
						<line hits="0" number="291"/>
						<line hits="0" number="292"/>
						<line hits="0" number="293"/>
						<line hits="1" number="295"/>
						<line hits="0" number="297"/>
						<line hits="1" number="299"/>
						<line hits="1" number="301"/>
						<line hits="1" number="302"/>
						<line hits="1" number="303"/>
						<line hits="1" number="304"/>
						<line hits="1" number="305"/>
						<line hits="1" number="306"/>
						<line hits="1" number="308"/>
						<line hits="0" number="310"/>
						<line hits="0" number="311"/>
						<line hits="0" number="312"/>
						<line hits="0" number="313"/>
						<line hits="0" number="314"/>
						<line hits="0" number="315"/>
						<line hits="1" number="317"/>
						<line hits="0" number="319"/>
						<line hits="0" number="320"/>
						<line hits="1" number="322"/>
						<line hits="0" number="333"/>
						<line hits="0" number="334"/>
						<line hits="1" number="336"/>
						<line hits="1" number="337"/>
						<line hits="1" number="338"/>
						<line hits="0" number="339"/>
						<line hits="0" number="340"/>
						<line hits="1" number="342"/>
						<line hits="1" number="343"/>
						<line hits="0" number="344"/>
					</lines>
				</class>
				<class branch-rate="0" complexity="0" filename="/home/alex/python/pyvista/pyvista/core/errors.py" line-rate="0.7143" name="errors.py">
					<methods/>
					<lines>
						<line hits="1" number="3"/>
						<line hits="1" number="17"/>
						<line hits="1" number="20"/>
						<line hits="0" number="22"/>
						<line hits="1" number="25"/>
						<line hits="1" number="28"/>
						<line hits="0" number="30"/>
					</lines>
				</class>
				<class branch-rate="0" complexity="0" filename="/home/alex/python/pyvista/pyvista/core/filters.py" line-rate="0.1341" name="filters.py">
					<methods/>
					<lines>
						<line hits="1" number="25"/>
						<line hits="1" number="26"/>
						<line hits="1" number="27"/>
						<line hits="1" number="29"/>
						<line hits="1" number="30"/>
						<line hits="1" number="31"/>
						<line hits="1" number="33"/>
						<line hits="1" number="34"/>
						<line hits="1" number="37"/>
						<line hits="1" number="38"/>
						<line hits="1" number="41"/>
						<line hits="0" number="43"/>
						<line hits="0" number="44"/>
						<line hits="0" number="45"/>
						<line hits="0" number="47"/>
						<line hits="1" number="50"/>
						<line hits="1" number="53"/>
						<line hits="1" number="54"/>
						<line hits="1" number="55"/>
						<line hits="1" number="56"/>
						<line hits="1" number="57"/>
						<line hits="0" number="58"/>
						<line hits="1" number="59"/>
						<line hits="1" number="62"/>
						<line hits="1" number="66"/>
						<line hits="0" number="68"/>
						<line hits="0" number="69"/>
						<line hits="0" number="74"/>
						<line hits="0" number="75"/>
						<line hits="0" number="76"/>
						<line hits="0" number="77"/>
						<line hits="0" number="78"/>
						<line hits="0" number="79"/>
						<line hits="0" number="80"/>
						<line hits="1" number="82"/>
						<line hits="0" number="110"/>
						<line hits="0" number="111"/>
						<line hits="0" number="113"/>
						<line hits="0" number="114"/>
						<line hits="0" number="116"/>
						<line hits="0" number="118"/>
						<line hits="0" number="120"/>
						<line hits="0" number="121"/>
						<line hits="0" number="123"/>
						<line hits="1" number="125"/>
						<line hits="0" number="150"/>
						<line hits="0" number="151"/>
						<line hits="0" number="153"/>
						<line hits="0" number="154"/>
						<line hits="0" number="155"/>
						<line hits="0" number="156"/>
						<line hits="0" number="157"/>
						<line hits="0" number="158"/>
						<line hits="0" number="159"/>
						<line hits="0" number="160"/>
						<line hits="0" number="161"/>
						<line hits="0" number="162"/>
						<line hits="0" number="163"/>
						<line hits="0" number="164"/>
						<line hits="0" number="165"/>
						<line hits="0" number="166"/>
						<line hits="0" number="167"/>
						<line hits="0" number="168"/>
						<line hits="0" number="169"/>
						<line hits="0" number="170"/>
						<line hits="0" number="171"/>
						<line hits="0" number="172"/>
						<line hits="0" number="173"/>
						<line hits="0" number="174"/>
						<line hits="0" number="175"/>
						<line hits="0" number="176"/>
						<line hits="0" number="177"/>
						<line hits="0" number="178"/>
						<line hits="0" number="179"/>
						<line hits="0" number="180"/>
						<line hits="0" number="181"/>
						<line hits="0" number="182"/>
						<line hits="0" number="183"/>
						<line hits="0" number="185"/>
						<line hits="0" number="186"/>
						<line hits="0" number="187"/>
						<line hits="0" number="188"/>
						<line hits="1" number="190"/>
						<line hits="0" number="207"/>
						<line hits="0" number="208"/>
						<line hits="0" number="209"/>
						<line hits="0" number="210"/>
						<line hits="0" number="211"/>
						<line hits="0" number="212"/>
						<line hits="0" number="213"/>
						<line hits="0" number="214"/>
						<line hits="0" number="215"/>
						<line hits="0" number="216"/>
						<line hits="0" number="217"/>
						<line hits="1" number="219"/>
						<line hits="0" number="247"/>
						<line hits="0" number="248"/>
						<line hits="0" number="249"/>
						<line hits="0" number="250"/>
						<line hits="0" number="251"/>
						<line hits="0" number="252"/>
						<line hits="0" number="253"/>
						<line hits="0" number="254"/>
						<line hits="0" number="255"/>
						<line hits="0" number="257"/>
						<line hits="0" number="259"/>
						<line hits="1" number="261"/>
						<line hits="0" number="285"/>
						<line hits="0" number="286"/>
						<line hits="0" number="288"/>
						<line hits="0" number="289"/>
						<line hits="0" number="291"/>
						<line hits="0" number="293"/>
						<line hits="0" number="294"/>
						<line hits="0" number="295"/>
						<line hits="0" number="296"/>
						<line hits="0" number="297"/>
						<line hits="0" number="298"/>
						<line hits="0" number="299"/>
						<line hits="0" number="300"/>
						<line hits="0" number="301"/>
						<line hits="0" number="302"/>
						<line hits="1" number="304"/>
						<line hits="0" number="330"/>
						<line hits="0" number="331"/>
						<line hits="0" number="332"/>
						<line hits="0" number="333"/>
						<line hits="0" number="334"/>
						<line hits="0" number="335"/>
						<line hits="0" number="336"/>
						<line hits="0" number="337"/>
						<line hits="0" number="338"/>
						<line hits="0" number="339"/>
						<line hits="0" number="342"/>
						<line hits="0" number="343"/>
						<line hits="0" number="344"/>
						<line hits="0" number="345"/>
						<line hits="0" number="346"/>
						<line hits="1" number="348"/>
						<line hits="0" number="374"/>
						<line hits="0" number="375"/>
						<line hits="0" number="376"/>
						<line hits="0" number="377"/>
						<line hits="0" number="378"/>
						<line hits="0" number="379"/>
						<line hits="0" number="380"/>
						<line hits="0" number="381"/>
						<line hits="0" number="382"/>
						<line hits="0" number="384"/>
						<line hits="0" number="385"/>
						<line hits="0" number="386"/>
						<line hits="0" number="387"/>
						<line hits="0" number="388"/>
						<line hits="0" number="389"/>
						<line hits="0" number="390"/>
						<line hits="0" number="391"/>
						<line hits="0" number="393"/>
						<line hits="0" number="394"/>
						<line hits="0" number="395"/>
						<line hits="0" number="396"/>
						<line hits="0" number="399"/>
						<line hits="0" number="400"/>
						<line hits="0" number="401"/>
						<line hits="0" number="402"/>
						<line hits="0" number="405"/>
						<line hits="0" number="406"/>
						<line hits="1" number="408"/>
						<line hits="0" number="428"/>
						<line hits="0" number="429"/>
						<line hits="0" number="430"/>
						<line hits="0" number="431"/>
						<line hits="0" number="432"/>
						<line hits="0" number="434"/>
						<line hits="0" number="435"/>
						<line hits="0" number="437"/>
						<line hits="0" number="438"/>
						<line hits="0" number="439"/>
						<line hits="0" number="440"/>
						<line hits="0" number="441"/>
						<line hits="0" number="442"/>
						<line hits="0" number="443"/>
						<line hits="0" number="444"/>
						<line hits="0" number="445"/>
						<line hits="0" number="446"/>
						<line hits="1" number="448"/>
						<line hits="0" number="499"/>
						<line hits="0" number="500"/>
						<line hits="0" number="501"/>
						<line hits="0" number="503"/>
						<line hits="0" number="504"/>
						<line hits="0" number="507"/>
						<line hits="0" number="508"/>
						<line hits="0" number="510"/>
						<line hits="0" number="512"/>
						<line hits="0" number="515"/>
						<line hits="0" number="516"/>
						<line hits="0" number="517"/>
						<line hits="0" number="518"/>
						<line hits="0" number="519"/>
						<line hits="0" number="522"/>
						<line hits="0" number="523"/>
						<line hits="0" number="524"/>
						<line hits="0" number="525"/>
						<line hits="0" number="527"/>
						<line hits="0" number="529"/>
						<line hits="0" number="530"/>
						<line hits="0" number="532"/>
						<line hits="0" number="533"/>
						<line hits="0" number="534"/>
						<line hits="0" number="535"/>
						<line hits="0" number="536"/>
						<line hits="0" number="537"/>
						<line hits="0" number="540"/>
						<line hits="0" number="541"/>
						<line hits="0" number="543"/>
						<line hits="0" number="545"/>
						<line hits="0" number="546"/>
						<line hits="1" number="548"/>
						<line hits="0" number="577"/>
						<line hits="0" number="578"/>
						<line hits="0" number="580"/>
						<line hits="0" number="581"/>
						<line hits="0" number="583"/>
						<line hits="0" number="585"/>
						<line hits="0" number="586"/>
						<line hits="0" number="587"/>
						<line hits="0" number="588"/>
						<line hits="0" number="589"/>
						<line hits="0" number="590"/>
						<line hits="0" number="591"/>
						<line hits="0" number="593"/>
						<line hits="0" number="595"/>
						<line hits="0" number="596"/>
						<line hits="0" number="599"/>
						<line hits="0" number="601"/>
						<line hits="0" number="602"/>
						<line hits="0" number="603"/>
						<line hits="0" number="606"/>
						<line hits="0" number="608"/>
						<line hits="1" number="612"/>
						<line hits="0" number="621"/>
						<line hits="0" number="622"/>
						<line hits="0" number="623"/>
						<line hits="0" number="624"/>
						<line hits="0" number="625"/>
						<line hits="1" number="627"/>
						<line hits="0" number="637"/>
						<line hits="0" number="638"/>
						<line hits="0" number="639"/>
						<line hits="0" number="640"/>
						<line hits="0" number="641"/>
						<line hits="1" number="643"/>
						<line hits="0" number="650"/>
						<line hits="0" number="651"/>
						<line hits="0" number="652"/>
						<line hits="0" number="653"/>
						<line hits="1" number="655"/>
						<line hits="0" number="666"/>
						<line hits="0" number="667"/>
						<line hits="0" number="668"/>
						<line hits="0" number="669"/>
						<line hits="1" number="671"/>
						<line hits="1" number="681"/>
						<line hits="0" number="728"/>
						<line hits="0" number="729"/>
						<line hits="0" number="730"/>
						<line hits="0" number="731"/>
						<line hits="0" number="732"/>
						<line hits="0" number="733"/>
						<line hits="0" number="735"/>
						<line hits="0" number="736"/>
						<line hits="0" number="737"/>
						<line hits="0" number="738"/>
						<line hits="0" number="739"/>
						<line hits="0" number="740"/>
						<line hits="0" number="741"/>
						<line hits="0" number="743"/>
						<line hits="0" number="745"/>
						<line hits="0" number="746"/>
						<line hits="0" number="748"/>
						<line hits="0" number="749"/>
						<line hits="0" number="750"/>
						<line hits="0" number="751"/>
						<line hits="0" number="753"/>
						<line hits="0" number="754"/>
						<line hits="0" number="755"/>
						<line hits="0" number="756"/>
						<line hits="1" number="758"/>
						<line hits="0" number="801"/>
						<line hits="0" number="802"/>
						<line hits="0" number="803"/>
						<line hits="0" number="804"/>
						<line hits="0" number="805"/>
						<line hits="0" number="806"/>
						<line hits="0" number="808"/>
						<line hits="0" number="810"/>
						<line hits="0" number="811"/>
						<line hits="0" number="812"/>
						<line hits="0" number="813"/>
						<line hits="0" number="814"/>
						<line hits="0" number="815"/>
						<line hits="0" number="817"/>
						<line hits="0" number="818"/>
						<line hits="0" number="820"/>
						<line hits="0" number="822"/>
						<line hits="0" number="823"/>
						<line hits="0" number="824"/>
						<line hits="0" number="826"/>
						<line hits="0" number="828"/>
						<line hits="0" number="829"/>
						<line hits="0" number="830"/>
						<line hits="0" number="831"/>
						<line hits="0" number="832"/>
						<line hits="0" number="833"/>
						<line hits="0" number="834"/>
						<line hits="0" number="836"/>
						<line hits="0" number="837"/>
						<line hits="0" number="838"/>
						<line hits="1" number="840"/>
						<line hits="0" number="876"/>
						<line hits="0" number="877"/>
						<line hits="0" number="878"/>
						<line hits="0" number="879"/>
						<line hits="0" number="880"/>
						<line hits="0" number="881"/>
						<line hits="0" number="882"/>
						<line hits="0" number="883"/>
						<line hits="0" number="884"/>
						<line hits="0" number="886"/>
						<line hits="0" number="887"/>
						<line hits="0" number="888"/>
						<line hits="0" number="889"/>
						<line hits="0" number="890"/>
						<line hits="0" number="891"/>
						<line hits="0" number="892"/>
						<line hits="0" number="893"/>
						<line hits="0" number="894"/>
						<line hits="0" number="895"/>
						<line hits="0" number="896"/>
						<line hits="0" number="897"/>
						<line hits="0" number="898"/>
						<line hits="0" number="900"/>
						<line hits="0" number="901"/>
						<line hits="1" number="903"/>
						<line hits="0" number="922"/>
						<line hits="0" number="923"/>
						<line hits="0" number="924"/>
						<line hits="0" number="925"/>
						<line hits="0" number="926"/>
						<line hits="0" number="927"/>
						<line hits="0" number="928"/>
						<line hits="0" number="929"/>
						<line hits="1" number="931"/>
						<line hits="0" number="942"/>
						<line hits="0" number="943"/>
						<line hits="0" number="944"/>
						<line hits="0" number="945"/>
						<line hits="0" number="946"/>
						<line hits="0" number="947"/>
						<line hits="1" number="949"/>
						<line hits="0" number="991"/>
						<line hits="0" number="992"/>
						<line hits="0" number="993"/>
						<line hits="0" number="998"/>
						<line hits="0" number="999"/>
						<line hits="0" number="1000"/>
						<line hits="0" number="1001"/>
						<line hits="0" number="1003"/>
						<line hits="0" number="1004"/>
						<line hits="0" number="1005"/>
						<line hits="0" number="1006"/>
						<line hits="0" number="1007"/>
						<line hits="0" number="1008"/>
						<line hits="0" number="1009"/>
						<line hits="0" number="1010"/>
						<line hits="0" number="1011"/>
						<line hits="0" number="1013"/>
						<line hits="0" number="1015"/>
						<line hits="0" number="1016"/>
						<line hits="0" number="1017"/>
						<line hits="0" number="1018"/>
						<line hits="0" number="1019"/>
						<line hits="0" number="1020"/>
						<line hits="0" number="1021"/>
						<line hits="0" number="1022"/>
						<line hits="0" number="1023"/>
						<line hits="0" number="1024"/>
						<line hits="0" number="1025"/>
						<line hits="0" number="1026"/>
						<line hits="0" number="1027"/>
						<line hits="1" number="1029"/>
						<line hits="0" number="1045"/>
						<line hits="0" number="1046"/>
						<line hits="0" number="1047"/>
						<line hits="0" number="1048"/>
						<line hits="0" number="1050"/>
						<line hits="0" number="1051"/>
						<line hits="0" number="1052"/>
						<line hits="0" number="1053"/>
						<line hits="1" number="1055"/>
						<line hits="0" number="1074"/>
						<line hits="0" number="1075"/>
						<line hits="0" number="1076"/>
						<line hits="0" number="1078"/>
						<line hits="1" number="1080"/>
						<line hits="0" number="1093"/>
						<line hits="0" number="1094"/>
						<line hits="0" number="1095"/>
						<line hits="0" number="1096"/>
						<line hits="0" number="1098"/>
						<line hits="0" number="1099"/>
						<line hits="0" number="1103"/>
						<line hits="0" number="1104"/>
						<line hits="0" number="1105"/>
						<line hits="0" number="1107"/>
						<line hits="1" number="1109"/>
						<line hits="0" number="1133"/>
						<line hits="0" number="1134"/>
						<line hits="0" number="1135"/>
						<line hits="0" number="1136"/>
						<line hits="0" number="1137"/>
						<line hits="0" number="1138"/>
						<line hits="0" number="1139"/>
						<line hits="0" number="1141"/>
						<line hits="0" number="1142"/>
						<line hits="0" number="1143"/>
						<line hits="0" number="1144"/>
						<line hits="0" number="1145"/>
						<line hits="0" number="1146"/>
						<line hits="0" number="1147"/>
						<line hits="0" number="1148"/>
						<line hits="0" number="1149"/>
						<line hits="0" number="1150"/>
						<line hits="0" number="1151"/>
						<line hits="0" number="1152"/>
						<line hits="0" number="1153"/>
						<line hits="0" number="1154"/>
						<line hits="0" number="1155"/>
						<line hits="1" number="1157"/>
						<line hits="0" number="1185"/>
						<line hits="0" number="1186"/>
						<line hits="0" number="1187"/>
						<line hits="0" number="1188"/>
						<line hits="0" number="1189"/>
						<line hits="0" number="1192"/>
						<line hits="0" number="1193"/>
						<line hits="0" number="1196"/>
						<line hits="0" number="1197"/>
						<line hits="0" number="1198"/>
						<line hits="0" number="1199"/>
						<line hits="0" number="1200"/>
						<line hits="0" number="1201"/>
						<line hits="0" number="1202"/>
						<line hits="0" number="1203"/>
						<line hits="0" number="1204"/>
						<line hits="0" number="1205"/>
						<line hits="1" number="1207"/>
						<line hits="0" number="1225"/>
						<line hits="0" number="1226"/>
						<line hits="0" number="1227"/>
						<line hits="0" number="1228"/>
						<line hits="0" number="1229"/>
						<line hits="0" number="1230"/>
						<line hits="0" number="1231"/>
						<line hits="0" number="1232"/>
						<line hits="1" number="1234"/>
						<line hits="0" number="1243"/>
						<line hits="1" number="1245"/>
						<line hits="0" number="1259"/>
						<line hits="0" number="1260"/>
						<line hits="0" number="1261"/>
						<line hits="0" number="1262"/>
						<line hits="0" number="1263"/>
						<line hits="0" number="1264"/>
						<line hits="0" number="1265"/>
						<line hits="0" number="1266"/>
						<line hits="1" number="1268"/>
						<line hits="0" number="1277"/>
						<line hits="1" number="1279"/>
						<line hits="0" number="1295"/>
						<line hits="0" number="1296"/>
						<line hits="0" number="1297"/>
						<line hits="0" number="1299"/>
						<line hits="0" number="1300"/>
						<line hits="0" number="1301"/>
						<line hits="0" number="1303"/>
						<line hits="1" number="1305"/>
						<line hits="0" number="1330"/>
						<line hits="0" number="1331"/>
						<line hits="0" number="1332"/>
						<line hits="0" number="1333"/>
						<line hits="0" number="1334"/>
						<line hits="0" number="1335"/>
						<line hits="0" number="1336"/>
						<line hits="1" number="1338"/>
						<line hits="0" number="1382"/>
						<line hits="0" number="1383"/>
						<line hits="0" number="1384"/>
						<line hits="0" number="1385"/>
						<line hits="0" number="1386"/>
						<line hits="0" number="1387"/>
						<line hits="0" number="1388"/>
						<line hits="0" number="1389"/>
						<line hits="0" number="1390"/>
						<line hits="0" number="1391"/>
						<line hits="0" number="1392"/>
						<line hits="0" number="1393"/>
						<line hits="0" number="1394"/>
						<line hits="0" number="1395"/>
						<line hits="0" number="1396"/>
						<line hits="0" number="1397"/>
						<line hits="0" number="1398"/>
						<line hits="1" number="1400"/>
						<line hits="0" number="1426"/>
						<line hits="0" number="1427"/>
						<line hits="0" number="1428"/>
						<line hits="0" number="1429"/>
						<line hits="0" number="1430"/>
						<line hits="0" number="1431"/>
						<line hits="0" number="1432"/>
						<line hits="0" number="1433"/>
						<line hits="0" number="1434"/>
						<line hits="0" number="1435"/>
						<line hits="1" number="1437"/>
						<line hits="0" number="1481"/>
						<line hits="0" number="1483"/>
						<line hits="0" number="1484"/>
						<line hits="0" number="1485"/>
						<line hits="0" number="1487"/>
						<line hits="0" number="1488"/>
						<line hits="0" number="1489"/>
						<line hits="0" number="1490"/>
						<line hits="0" number="1491"/>
						<line hits="0" number="1492"/>
						<line hits="0" number="1494"/>
						<line hits="1" number="1498"/>
						<line hits="0" number="1613"/>
						<line hits="0" number="1614"/>
						<line hits="0" number="1615"/>
						<line hits="0" number="1616"/>
						<line hits="0" number="1617"/>
						<line hits="0" number="1618"/>
						<line hits="0" number="1619"/>
						<line hits="0" number="1620"/>
						<line hits="0" number="1621"/>
						<line hits="0" number="1622"/>
						<line hits="0" number="1624"/>
						<line hits="0" number="1625"/>
						<line hits="0" number="1626"/>
						<line hits="0" number="1627"/>
						<line hits="0" number="1628"/>
						<line hits="0" number="1629"/>
						<line hits="0" number="1631"/>
						<line hits="0" number="1632"/>
						<line hits="0" number="1633"/>
						<line hits="0" number="1634"/>
						<line hits="0" number="1635"/>
						<line hits="0" number="1636"/>
						<line hits="0" number="1637"/>
						<line hits="0" number="1638"/>
						<line hits="0" number="1639"/>
						<line hits="0" number="1641"/>
						<line hits="0" number="1642"/>
						<line hits="0" number="1643"/>
						<line hits="0" number="1644"/>
						<line hits="0" number="1646"/>
						<line hits="0" number="1648"/>
						<line hits="0" number="1651"/>
						<line hits="0" number="1653"/>
						<line hits="0" number="1654"/>
						<line hits="0" number="1655"/>
						<line hits="0" number="1656"/>
						<line hits="0" number="1657"/>
						<line hits="0" number="1658"/>
						<line hits="0" number="1659"/>
						<line hits="0" number="1660"/>
						<line hits="0" number="1661"/>
						<line hits="0" number="1662"/>
						<line hits="0" number="1663"/>
						<line hits="0" number="1664"/>
						<line hits="0" number="1666"/>
						<line hits="0" number="1667"/>
						<line hits="0" number="1668"/>
						<line hits="0" number="1669"/>
						<line hits="0" number="1671"/>
						<line hits="0" number="1673"/>
						<line hits="0" number="1674"/>
						<line hits="0" number="1675"/>
						<line hits="0" number="1676"/>
						<line hits="0" number="1678"/>
						<line hits="0" number="1680"/>
						<line hits="0" number="1681"/>
						<line hits="0" number="1683"/>
						<line hits="0" number="1685"/>
						<line hits="0" number="1686"/>
						<line hits="0" number="1687"/>
						<line hits="0" number="1688"/>
						<line hits="0" number="1689"/>
						<line hits="0" number="1690"/>
						<line hits="0" number="1691"/>
						<line hits="1" number="1693"/>
						<line hits="0" number="1707"/>
						<line hits="1" number="1709"/>
						<line hits="0" number="1729"/>
						<line hits="0" number="1730"/>
						<line hits="0" number="1732"/>
						<line hits="0" number="1734"/>
						<line hits="0" number="1735"/>
						<line hits="1" number="1737"/>
						<line hits="0" number="1779"/>
						<line hits="0" number="1780"/>
						<line hits="0" number="1785"/>
						<line hits="0" number="1788"/>
						<line hits="0" number="1789"/>
						<line hits="0" number="1790"/>
						<line hits="0" number="1791"/>
						<line hits="0" number="1794"/>
						<line hits="0" number="1795"/>
						<line hits="0" number="1797"/>
						<line hits="0" number="1798"/>
						<line hits="0" number="1799"/>
						<line hits="0" number="1800"/>
						<line hits="0" number="1802"/>
						<line hits="0" number="1803"/>
						<line hits="0" number="1804"/>
						<line hits="0" number="1805"/>
						<line hits="0" number="1807"/>
						<line hits="0" number="1808"/>
						<line hits="0" number="1809"/>
						<line hits="0" number="1811"/>
						<line hits="1" number="1815"/>
						<line hits="1" number="1830"/>
						<line hits="1" number="1831"/>
						<line hits="1" number="1832"/>
						<line hits="1" number="1833"/>
						<line hits="1" number="1835"/>
						<line hits="1" number="1836"/>
						<line hits="1" number="1839"/>
						<line hits="1" number="1840"/>
						<line hits="1" number="1841"/>
						<line hits="1" number="1842"/>
						<line hits="1" number="1843"/>
						<line hits="1" number="1846"/>
						<line hits="1" number="1847"/>
						<line hits="1" number="1848"/>
						<line hits="1" number="1850"/>
						<line hits="1" number="1852"/>
						<line hits="0" number="1867"/>
						<line hits="0" number="1868"/>
						<line hits="0" number="1869"/>
						<line hits="0" number="1870"/>
						<line hits="0" number="1871"/>
						<line hits="0" number="1873"/>
						<line hits="0" number="1874"/>
						<line hits="0" number="1877"/>
						<line hits="0" number="1878"/>
						<line hits="0" number="1879"/>
						<line hits="0" number="1880"/>
						<line hits="0" number="1881"/>
						<line hits="1" number="1892"/>
						<line hits="1" number="1911"/>
						<line hits="1" number="1912"/>
						<line hits="1" number="1913"/>
						<line hits="1" number="1914"/>
						<line hits="1" number="1915"/>
						<line hits="1" number="1916"/>
						<line hits="1" number="1917"/>
						<line hits="1" number="1922"/>
						<line hits="1" number="1923"/>
						<line hits="1" number="1925"/>
						<line hits="0" number="1934"/>
						<line hits="0" number="1935"/>
						<line hits="1" number="1937"/>
						<line hits="0" number="1978"/>
						<line hits="0" number="1979"/>
						<line hits="0" number="1980"/>
						<line hits="0" number="1981"/>
						<line hits="0" number="1982"/>
						<line hits="0" number="1983"/>
						<line hits="0" number="1984"/>
						<line hits="0" number="1985"/>
						<line hits="0" number="1986"/>
						<line hits="0" number="1987"/>
						<line hits="0" number="1988"/>
						<line hits="0" number="1990"/>
						<line hits="0" number="1991"/>
						<line hits="0" number="1992"/>
						<line hits="0" number="1994"/>
						<line hits="1" number="1996"/>
						<line hits="1" number="2006"/>
						<line hits="0" number="2045"/>
						<line hits="0" number="2046"/>
						<line hits="0" number="2048"/>
						<line hits="0" number="2049"/>
						<line hits="0" number="2051"/>
						<line hits="0" number="2052"/>
						<line hits="0" number="2053"/>
						<line hits="0" number="2054"/>
						<line hits="0" number="2055"/>
						<line hits="0" number="2056"/>
						<line hits="0" number="2058"/>
						<line hits="0" number="2059"/>
						<line hits="0" number="2061"/>
						<line hits="0" number="2062"/>
						<line hits="0" number="2063"/>
						<line hits="0" number="2064"/>
						<line hits="0" number="2065"/>
						<line hits="0" number="2067"/>
						<line hits="0" number="2069"/>
						<line hits="1" number="2071"/>
						<line hits="0" number="2073"/>
						<line hits="1" number="2075"/>
						<line hits="0" number="2129"/>
						<line hits="0" number="2130"/>
						<line hits="0" number="2161"/>
						<line hits="0" number="2163"/>
						<line hits="0" number="2164"/>
						<line hits="0" number="2165"/>
						<line hits="0" number="2166"/>
						<line hits="0" number="2167"/>
						<line hits="0" number="2168"/>
						<line hits="0" number="2169"/>
						<line hits="0" number="2170"/>
						<line hits="1" number="2172"/>
						<line hits="0" number="2185"/>
						<line hits="0" number="2187"/>
						<line hits="0" number="2188"/>
						<line hits="0" number="2189"/>
						<line hits="0" number="2190"/>
						<line hits="0" number="2191"/>
						<line hits="0" number="2192"/>
						<line hits="0" number="2193"/>
						<line hits="0" number="2195"/>
						<line hits="0" number="2196"/>
						<line hits="0" number="2197"/>
						<line hits="0" number="2198"/>
						<line hits="0" number="2199"/>
						<line hits="1" number="2202"/>
						<line hits="1" number="2206"/>
						<line hits="0" number="2214"/>
						<line hits="0" number="2215"/>
						<line hits="0" number="2216"/>
						<line hits="0" number="2217"/>
						<line hits="1" number="2219"/>
						<line hits="0" number="2228"/>
						<line hits="0" number="2229"/>
						<line hits="0" number="2230"/>
						<line hits="0" number="2231"/>
						<line hits="0" number="2232"/>
						<line hits="0" number="2233"/>
						<line hits="0" number="2234"/>
						<line hits="0" number="2235"/>
						<line hits="1" number="2237"/>
						<line hits="1" number="2239"/>
						<line hits="1" number="2241"/>
						<line hits="1" number="2243"/>
						<line hits="1" number="2245"/>
						<line hits="1" number="2247"/>
						<line hits="1" number="2249"/>
						<line hits="1" number="2251"/>
						<line hits="1" number="2253"/>
						<line hits="1" number="2255"/>
						<line hits="1" number="2257"/>
						<line hits="1" number="2259"/>
						<line hits="1" number="2261"/>
						<line hits="1" number="2263"/>
						<line hits="1" number="2265"/>
						<line hits="0" number="2277"/>
						<line hits="0" number="2278"/>
						<line hits="0" number="2279"/>
						<line hits="0" number="2280"/>
						<line hits="1" number="2282"/>
						<line hits="0" number="2295"/>
						<line hits="0" number="2296"/>
						<line hits="0" number="2297"/>
						<line hits="0" number="2298"/>
						<line hits="1" number="2301"/>
						<line hits="1" number="2302"/>
						<line hits="1" number="2305"/>
						<line hits="0" number="2316"/>
						<line hits="0" number="2317"/>
						<line hits="0" number="2318"/>
						<line hits="0" number="2319"/>
						<line hits="0" number="2320"/>
						<line hits="0" number="2321"/>
						<line hits="0" number="2322"/>
						<line hits="0" number="2323"/>
						<line hits="0" number="2324"/>
						<line hits="0" number="2325"/>
						<line hits="0" number="2326"/>
						<line hits="0" number="2328"/>
						<line hits="1" number="2331"/>
						<line hits="0" number="2348"/>
						<line hits="0" number="2349"/>
						<line hits="0" number="2350"/>
						<line hits="0" number="2351"/>
						<line hits="0" number="2353"/>
						<line hits="0" number="2354"/>
						<line hits="0" number="2357"/>
						<line hits="0" number="2358"/>
						<line hits="0" number="2359"/>
						<line hits="0" number="2360"/>
						<line hits="0" number="2361"/>
						<line hits="0" number="2363"/>
						<line hits="0" number="2364"/>
						<line hits="0" number="2365"/>
						<line hits="0" number="2367"/>
						<line hits="1" number="2369"/>
						<line hits="0" number="2388"/>
						<line hits="0" number="2389"/>
						<line hits="0" number="2391"/>
						<line hits="0" number="2392"/>
						<line hits="0" number="2393"/>
						<line hits="0" number="2394"/>
						<line hits="0" number="2396"/>
						<line hits="0" number="2397"/>
						<line hits="0" number="2398"/>
						<line hits="0" number="2400"/>
						<line hits="1" number="2402"/>
						<line hits="0" number="2404"/>
						<line hits="0" number="2405"/>
						<line hits="0" number="2406"/>
						<line hits="1" number="2408"/>
						<line hits="0" number="2425"/>
						<line hits="0" number="2426"/>
						<line hits="0" number="2428"/>
						<line hits="0" number="2429"/>
						<line hits="0" number="2430"/>
						<line hits="0" number="2431"/>
						<line hits="0" number="2432"/>
						<line hits="0" number="2433"/>
						<line hits="0" number="2435"/>
						<line hits="0" number="2436"/>
						<line hits="0" number="2437"/>
						<line hits="0" number="2439"/>
						<line hits="1" number="2441"/>
						<line hits="0" number="2458"/>
						<line hits="0" number="2459"/>
						<line hits="0" number="2461"/>
						<line hits="0" number="2462"/>
						<line hits="0" number="2463"/>
						<line hits="0" number="2464"/>
						<line hits="0" number="2465"/>
						<line hits="0" number="2466"/>
						<line hits="0" number="2468"/>
						<line hits="0" number="2469"/>
						<line hits="0" number="2470"/>
						<line hits="0" number="2472"/>
						<line hits="1" number="2474"/>
						<line hits="0" number="2495"/>
						<line hits="0" number="2498"/>
						<line hits="0" number="2499"/>
						<line hits="0" number="2500"/>
						<line hits="0" number="2501"/>
						<line hits="0" number="2502"/>
						<line hits="0" number="2503"/>
						<line hits="0" number="2504"/>
						<line hits="0" number="2505"/>
						<line hits="0" number="2506"/>
						<line hits="0" number="2507"/>
						<line hits="0" number="2509"/>
						<line hits="0" number="2511"/>
						<line hits="0" number="2514"/>
						<line hits="0" number="2515"/>
						<line hits="1" number="2517"/>
						<line hits="0" number="2539"/>
						<line hits="1" number="2542"/>
						<line hits="0" number="2558"/>
						<line hits="0" number="2559"/>
						<line hits="0" number="2560"/>
						<line hits="0" number="2561"/>
						<line hits="0" number="2562"/>
						<line hits="0" number="2564"/>
						<line hits="0" number="2565"/>
						<line hits="0" number="2566"/>
						<line hits="0" number="2568"/>
						<line hits="1" number="2579"/>
						<line hits="0" number="2622"/>
						<line hits="0" number="2623"/>
						<line hits="0" number="2624"/>
						<line hits="0" number="2625"/>
						<line hits="0" number="2626"/>
						<line hits="0" number="2627"/>
						<line hits="0" number="2628"/>
						<line hits="0" number="2629"/>
						<line hits="0" number="2630"/>
						<line hits="0" number="2631"/>
						<line hits="0" number="2633"/>
						<line hits="0" number="2634"/>
						<line hits="0" number="2635"/>
						<line hits="0" number="2637"/>
						<line hits="1" number="2639"/>
						<line hits="0" number="2685"/>
						<line hits="0" number="2686"/>
						<line hits="0" number="2687"/>
						<line hits="0" number="2688"/>
						<line hits="0" number="2689"/>
						<line hits="0" number="2690"/>
						<line hits="0" number="2691"/>
						<line hits="0" number="2692"/>
						<line hits="0" number="2693"/>
						<line hits="0" number="2695"/>
						<line hits="0" number="2696"/>
						<line hits="0" number="2697"/>
						<line hits="0" number="2699"/>
						<line hits="1" number="2701"/>
						<line hits="0" number="2736"/>
						<line hits="0" number="2737"/>
						<line hits="0" number="2738"/>
						<line hits="0" number="2739"/>
						<line hits="0" number="2740"/>
						<line hits="0" number="2741"/>
						<line hits="0" number="2743"/>
						<line hits="0" number="2744"/>
						<line hits="0" number="2745"/>
						<line hits="0" number="2746"/>
						<line hits="0" number="2747"/>
						<line hits="0" number="2749"/>
						<line hits="0" number="2750"/>
						<line hits="0" number="2751"/>
						<line hits="0" number="2752"/>
						<line hits="0" number="2754"/>
						<line hits="0" number="2755"/>
						<line hits="0" number="2757"/>
						<line hits="0" number="2759"/>
						<line hits="0" number="2760"/>
						<line hits="0" number="2761"/>
						<line hits="0" number="2763"/>
						<line hits="1" number="2765"/>
						<line hits="0" number="2813"/>
						<line hits="0" number="2814"/>
						<line hits="0" number="2815"/>
						<line hits="0" number="2816"/>
						<line hits="0" number="2817"/>
						<line hits="0" number="2818"/>
						<line hits="0" number="2819"/>
						<line hits="0" number="2821"/>
						<line hits="0" number="2825"/>
						<line hits="0" number="2826"/>
						<line hits="0" number="2827"/>
						<line hits="0" number="2829"/>
						<line hits="0" number="2830"/>
						<line hits="0" number="2831"/>
						<line hits="0" number="2833"/>
						<line hits="1" number="2835"/>
						<line hits="0" number="2912"/>
						<line hits="0" number="2914"/>
						<line hits="0" number="2915"/>
						<line hits="0" number="2916"/>
						<line hits="0" number="2917"/>
						<line hits="0" number="2918"/>
						<line hits="0" number="2919"/>
						<line hits="0" number="2920"/>
						<line hits="0" number="2921"/>
						<line hits="0" number="2922"/>
						<line hits="0" number="2923"/>
						<line hits="0" number="2924"/>
						<line hits="0" number="2925"/>
						<line hits="0" number="2926"/>
						<line hits="0" number="2928"/>
						<line hits="0" number="2929"/>
						<line hits="0" number="2931"/>
						<line hits="0" number="2932"/>
						<line hits="0" number="2933"/>
						<line hits="0" number="2935"/>
						<line hits="1" number="2937"/>
						<line hits="1" number="3016"/>
						<line hits="1" number="3017"/>
						<line hits="1" number="3018"/>
						<line hits="1" number="3019"/>
						<line hits="1" number="3020"/>
						<line hits="1" number="3021"/>
						<line hits="1" number="3022"/>
						<line hits="1" number="3023"/>
						<line hits="1" number="3024"/>
						<line hits="1" number="3025"/>
						<line hits="1" number="3026"/>
						<line hits="1" number="3028"/>
						<line hits="1" number="3029"/>
						<line hits="1" number="3030"/>
						<line hits="1" number="3031"/>
						<line hits="0" number="3032"/>
						<line hits="1" number="3034"/>
						<line hits="1" number="3035"/>
						<line hits="0" number="3037"/>
						<line hits="1" number="3048"/>
						<line hits="0" number="3065"/>
						<line hits="0" number="3066"/>
						<line hits="0" number="3067"/>
						<line hits="0" number="3068"/>
						<line hits="0" number="3070"/>
						<line hits="0" number="3071"/>
						<line hits="0" number="3074"/>
						<line hits="0" number="3075"/>
						<line hits="0" number="3076"/>
						<line hits="0" number="3078"/>
						<line hits="0" number="3079"/>
						<line hits="0" number="3080"/>
						<line hits="0" number="3081"/>
						<line hits="0" number="3082"/>
						<line hits="0" number="3083"/>
						<line hits="0" number="3084"/>
						<line hits="0" number="3086"/>
						<line hits="0" number="3087"/>
						<line hits="0" number="3089"/>
						<line hits="1" number="3133"/>
						<line hits="0" number="3178"/>
						<line hits="0" number="3179"/>
						<line hits="0" number="3180"/>
						<line hits="0" number="3181"/>
						<line hits="0" number="3182"/>
						<line hits="0" number="3183"/>
						<line hits="0" number="3184"/>
						<line hits="0" number="3185"/>
						<line hits="0" number="3186"/>
						<line hits="0" number="3187"/>
						<line hits="0" number="3188"/>
						<line hits="0" number="3189"/>
						<line hits="0" number="3191"/>
						<line hits="0" number="3192"/>
						<line hits="0" number="3193"/>
						<line hits="0" number="3194"/>
						<line hits="0" number="3197"/>
						<line hits="0" number="3198"/>
						<line hits="0" number="3200"/>
						<line hits="0" number="3201"/>
						<line hits="0" number="3203"/>
						<line hits="1" number="3205"/>
						<line hits="0" number="3226"/>
						<line hits="0" number="3227"/>
						<line hits="0" number="3228"/>
						<line hits="0" number="3229"/>
						<line hits="0" number="3231"/>
						<line hits="0" number="3232"/>
						<line hits="0" number="3233"/>
						<line hits="0" number="3234"/>
						<line hits="0" number="3235"/>
						<line hits="0" number="3236"/>
						<line hits="0" number="3238"/>
						<line hits="0" number="3239"/>
						<line hits="0" number="3242"/>
						<line hits="0" number="3244"/>
						<line hits="0" number="3245"/>
						<line hits="0" number="3247"/>
						<line hits="1" number="3249"/>
						<line hits="0" number="3266"/>
						<line hits="0" number="3267"/>
						<line hits="0" number="3268"/>
						<line hits="0" number="3269"/>
						<line hits="0" number="3270"/>
						<line hits="0" number="3271"/>
						<line hits="1" number="3273"/>
						<line hits="0" number="3308"/>
						<line hits="0" number="3309"/>
						<line hits="0" number="3310"/>
						<line hits="0" number="3314"/>
						<line hits="0" number="3315"/>
						<line hits="0" number="3316"/>
						<line hits="0" number="3318"/>
						<line hits="0" number="3319"/>
						<line hits="0" number="3320"/>
						<line hits="0" number="3321"/>
						<line hits="0" number="3323"/>
						<line hits="0" number="3324"/>
						<line hits="0" number="3325"/>
						<line hits="0" number="3326"/>
						<line hits="0" number="3328"/>
						<line hits="0" number="3329"/>
						<line hits="0" number="3330"/>
						<line hits="0" number="3331"/>
						<line hits="0" number="3332"/>
						<line hits="0" number="3333"/>
						<line hits="0" number="3335"/>
						<line hits="0" number="3336"/>
						<line hits="0" number="3337"/>
						<line hits="0" number="3339"/>
						<line hits="1" number="3341"/>
						<line hits="0" number="3354"/>
						<line hits="0" number="3356"/>
						<line hits="0" number="3358"/>
						<line hits="0" number="3359"/>
						<line hits="0" number="3360"/>
						<line hits="0" number="3361"/>
						<line hits="1" number="3363"/>
						<line hits="0" number="3366"/>
						<line hits="0" number="3368"/>
						<line hits="0" number="3369"/>
						<line hits="0" number="3371"/>
						<line hits="0" number="3372"/>
						<line hits="0" number="3373"/>
						<line hits="0" number="3374"/>
						<line hits="0" number="3376"/>
						<line hits="1" number="3378"/>
						<line hits="0" number="3411"/>
						<line hits="0" number="3414"/>
						<line hits="0" number="3415"/>
						<line hits="0" number="3417"/>
						<line hits="0" number="3418"/>
						<line hits="0" number="3419"/>
						<line hits="0" number="3420"/>
						<line hits="0" number="3422"/>
						<line hits="0" number="3423"/>
						<line hits="0" number="3425"/>
						<line hits="0" number="3426"/>
						<line hits="0" number="3428"/>
						<line hits="0" number="3429"/>
						<line hits="0" number="3430"/>
						<line hits="0" number="3431"/>
						<line hits="0" number="3433"/>
						<line hits="0" number="3436"/>
						<line hits="0" number="3437"/>
						<line hits="0" number="3439"/>
						<line hits="0" number="3440"/>
						<line hits="0" number="3441"/>
						<line hits="0" number="3442"/>
						<line hits="0" number="3444"/>
						<line hits="0" number="3445"/>
						<line hits="0" number="3448"/>
						<line hits="0" number="3449"/>
						<line hits="0" number="3450"/>
[...]
						<line hits="1" number="243"/>
						<line hits="1" number="244"/>
						<line hits="0" number="245"/>
						<line hits="0" number="246"/>
						<line hits="0" number="247"/>
						<line hits="0" number="249"/>
						<line hits="0" number="250"/>
						<line hits="0" number="251"/>
						<line hits="0" number="252"/>
						<line hits="0" number="254"/>
						<line hits="0" number="255"/>
						<line hits="0" number="256"/>
						<line hits="0" number="257"/>
						<line hits="0" number="259"/>
						<line hits="0" number="261"/>
						<line hits="1" number="262"/>
						<line hits="1" number="263"/>
						<line hits="1" number="264"/>
						<line hits="1" number="265"/>
						<line hits="1" number="266"/>
						<line hits="0" number="267"/>
						<line hits="0" number="268"/>
						<line hits="0" number="269"/>
						<line hits="0" number="270"/>
						<line hits="0" number="271"/>
						<line hits="0" number="272"/>
						<line hits="0" number="273"/>
						<line hits="0" number="274"/>
						<line hits="1" number="275"/>
						<line hits="1" number="276"/>
						<line hits="1" number="277"/>
						<line hits="1" number="280"/>
						<line hits="1" number="282"/>
						<line hits="0" number="283"/>
						<line hits="1" number="284"/>
						<line hits="1" number="285"/>
						<line hits="1" number="286"/>
						<line hits="1" number="289"/>
						<line hits="0" number="320"/>
						<line hits="0" number="321"/>
						<line hits="0" number="323"/>
						<line hits="0" number="324"/>
						<line hits="0" number="325"/>
						<line hits="0" number="328"/>
						<line hits="0" number="329"/>
						<line hits="0" number="330"/>
						<line hits="0" number="331"/>
						<line hits="1" number="334"/>
						<line hits="0" number="354"/>
						<line hits="0" number="355"/>
						<line hits="0" number="356"/>
						<line hits="0" number="357"/>
						<line hits="0" number="358"/>
						<line hits="0" number="359"/>
						<line hits="0" number="360"/>
						<line hits="0" number="361"/>
						<line hits="0" number="362"/>
						<line hits="1" number="365"/>
						<line hits="0" number="368"/>
						<line hits="0" number="369"/>
						<line hits="0" number="371"/>
						<line hits="0" number="372"/>
						<line hits="0" number="374"/>
						<line hits="0" number="375"/>
						<line hits="0" number="376"/>
						<line hits="0" number="377"/>
						<line hits="0" number="379"/>
						<line hits="0" number="380"/>
						<line hits="0" number="381"/>
						<line hits="0" number="382"/>
						<line hits="0" number="385"/>
						<line hits="0" number="386"/>
						<line hits="0" number="388"/>
						<line hits="0" number="389"/>
						<line hits="0" number="390"/>
						<line hits="0" number="391"/>
						<line hits="0" number="392"/>
						<line hits="0" number="395"/>
						<line hits="0" number="396"/>
						<line hits="0" number="397"/>
						<line hits="0" number="400"/>
						<line hits="0" number="401"/>
						<line hits="0" number="402"/>
						<line hits="0" number="403"/>
						<line hits="0" number="404"/>
						<line hits="0" number="407"/>
						<line hits="0" number="408"/>
						<line hits="0" number="409"/>
						<line hits="0" number="410"/>
						<line hits="0" number="411"/>
						<line hits="0" number="412"/>
						<line hits="0" number="414"/>
						<line hits="1" number="417"/>
						<line hits="1" number="419"/>
						<line hits="1" number="420"/>
						<line hits="1" number="421"/>
						<line hits="1" number="422"/>
						<line hits="1" number="423"/>
						<line hits="1" number="426"/>
						<line hits="0" number="428"/>
						<line hits="0" number="429"/>
						<line hits="0" number="430"/>
						<line hits="0" number="431"/>
						<line hits="0" number="432"/>
						<line hits="1" number="435"/>
						<line hits="1" number="443"/>
						<line hits="1" number="455"/>
						<line hits="1" number="456"/>
						<line hits="1" number="457"/>
						<line hits="0" number="458"/>
						<line hits="1" number="459"/>
						<line hits="1" number="460"/>
						<line hits="0" number="461"/>
						<line hits="1" number="462"/>
						<line hits="1" number="463"/>
						<line hits="0" number="464"/>
						<line hits="0" number="465"/>
						<line hits="0" number="466"/>
						<line hits="0" number="467"/>
						<line hits="0" number="468"/>
						<line hits="0" number="470"/>
						<line hits="0" number="471"/>
						<line hits="0" number="472"/>
						<line hits="0" number="473"/>
						<line hits="0" number="475"/>
						<line hits="1" number="476"/>
						<line hits="1" number="477"/>
						<line hits="0" number="478"/>
						<line hits="0" number="479"/>
						<line hits="0" number="480"/>
						<line hits="1" number="481"/>
						<line hits="1" number="484"/>
						<line hits="0" number="486"/>
						<line hits="1" number="489"/>
						<line hits="0" number="491"/>
						<line hits="0" number="492"/>
						<line hits="0" number="493"/>
						<line hits="1" number="496"/>
						<line hits="0" number="502"/>
						<line hits="0" number="503"/>
						<line hits="0" number="504"/>
						<line hits="0" number="505"/>
						<line hits="0" number="506"/>
						<line hits="0" number="507"/>
						<line hits="0" number="508"/>
						<line hits="0" number="509"/>
						<line hits="0" number="510"/>
						<line hits="0" number="511"/>
						<line hits="0" number="512"/>
						<line hits="0" number="513"/>
						<line hits="0" number="514"/>
						<line hits="0" number="515"/>
						<line hits="0" number="516"/>
						<line hits="0" number="517"/>
						<line hits="0" number="518"/>
						<line hits="1" number="521"/>
						<line hits="0" number="533"/>
						<line hits="0" number="534"/>
						<line hits="0" number="535"/>
						<line hits="0" number="536"/>
						<line hits="0" number="537"/>
						<line hits="0" number="538"/>
						<line hits="0" number="539"/>
						<line hits="0" number="540"/>
						<line hits="1" number="543"/>
						<line hits="0" number="545"/>
						<line hits="0" number="546"/>
						<line hits="0" number="549"/>
						<line hits="1" number="556"/>
						<line hits="0" number="558"/>
						<line hits="0" number="560"/>
						<line hits="0" number="561"/>
						<line hits="0" number="562"/>
						<line hits="0" number="563"/>
						<line hits="1" number="566"/>
						<line hits="0" number="572"/>
						<line hits="0" number="573"/>
						<line hits="0" number="574"/>
						<line hits="0" number="576"/>
						<line hits="0" number="579"/>
						<line hits="1" number="582"/>
						<line hits="0" number="584"/>
						<line hits="0" number="585"/>
						<line hits="0" number="586"/>
						<line hits="0" number="587"/>
						<line hits="0" number="588"/>
						<line hits="1" number="591"/>
						<line hits="0" number="600"/>
						<line hits="0" number="601"/>
						<line hits="0" number="602"/>
						<line hits="0" number="603"/>
						<line hits="0" number="604"/>
						<line hits="0" number="606"/>
						<line hits="0" number="607"/>
						<line hits="0" number="608"/>
						<line hits="0" number="609"/>
						<line hits="0" number="610"/>
						<line hits="0" number="611"/>
						<line hits="0" number="612"/>
						<line hits="0" number="613"/>
						<line hits="0" number="614"/>
						<line hits="0" number="615"/>
						<line hits="0" number="616"/>
						<line hits="0" number="617"/>
						<line hits="0" number="618"/>
						<line hits="1" number="621"/>
						<line hits="0" number="624"/>
						<line hits="0" number="625"/>
						<line hits="0" number="626"/>
						<line hits="0" number="627"/>
						<line hits="0" number="629"/>
						<line hits="1" number="632"/>
						<line hits="1" number="635"/>
						<line hits="0" number="637"/>
						<line hits="0" number="638"/>
						<line hits="1" number="640"/>
						<line hits="0" number="642"/>
						<line hits="0" number="644"/>
						<line hits="0" number="645"/>
						<line hits="1" number="648"/>
						<line hits="1" number="657"/>
						<line hits="0" number="659"/>
						<line hits="0" number="660"/>
						<line hits="0" number="661"/>
						<line hits="0" number="662"/>
						<line hits="0" number="663"/>
						<line hits="0" number="664"/>
						<line hits="0" number="665"/>
						<line hits="0" number="666"/>
						<line hits="0" number="667"/>
						<line hits="0" number="668"/>
						<line hits="0" number="669"/>
						<line hits="0" number="670"/>
						<line hits="0" number="671"/>
						<line hits="1" number="673"/>
						<line hits="0" number="675"/>
						<line hits="0" number="676"/>
						<line hits="1" number="679"/>
						<line hits="0" number="684"/>
						<line hits="0" number="685"/>
						<line hits="0" number="687"/>
						<line hits="0" number="688"/>
						<line hits="0" number="689"/>
						<line hits="0" number="690"/>
						<line hits="1" number="692"/>
						<line hits="0" number="694"/>
						<line hits="0" number="697"/>
						<line hits="0" number="698"/>
						<line hits="0" number="699"/>
						<line hits="0" number="701"/>
						<line hits="0" number="702"/>
						<line hits="0" number="703"/>
						<line hits="1" number="705"/>
						<line hits="0" number="707"/>
						<line hits="0" number="708"/>
						<line hits="0" number="709"/>
						<line hits="0" number="710"/>
						<line hits="0" number="711"/>
						<line hits="0" number="712"/>
						<line hits="1" number="715"/>
						<line hits="1" number="722"/>
						<line hits="1" number="723"/>
						<line hits="0" number="724"/>
						<line hits="1" number="726"/>
						<line hits="1" number="727"/>
						<line hits="1" number="728"/>
					</lines>
				</class>
				<class branch-rate="0" complexity="0" filename="/home/alex/python/pyvista/pyvista/utilities/parametric_objects.py" line-rate="0.1098" name="parametric_objects.py">
					<methods/>
					<lines>
						<line hits="1" number="3"/>
						<line hits="1" number="5"/>
						<line hits="1" number="7"/>
						<line hits="1" number="8"/>
						<line hits="1" number="11"/>
						<line hits="0" number="42"/>
						<line hits="0" number="43"/>
						<line hits="0" number="46"/>
						<line hits="0" number="47"/>
						<line hits="0" number="48"/>
						<line hits="0" number="50"/>
						<line hits="0" number="51"/>
						<line hits="0" number="52"/>
						<line hits="1" number="55"/>
						<line hits="0" number="78"/>
						<line hits="0" number="79"/>
						<line hits="0" number="80"/>
						<line hits="0" number="82"/>
						<line hits="0" number="83"/>
						<line hits="0" number="84"/>
						<line hits="0" number="86"/>
						<line hits="0" number="88"/>
						<line hits="1" number="91"/>
						<line hits="0" number="107"/>
						<line hits="0" number="109"/>
						<line hits="0" number="110"/>
						<line hits="0" number="111"/>
						<line hits="0" number="113"/>
						<line hits="0" number="115"/>
						<line hits="1" number="118"/>
						<line hits="0" number="148"/>
						<line hits="0" number="149"/>
						<line hits="0" number="150"/>
						<line hits="0" number="152"/>
						<line hits="0" number="153"/>
						<line hits="0" number="154"/>
						<line hits="0" number="156"/>
						<line hits="0" number="158"/>
						<line hits="1" number="161"/>
						<line hits="0" number="181"/>
						<line hits="0" number="183"/>
						<line hits="0" number="184"/>
						<line hits="0" number="185"/>
						<line hits="0" number="187"/>
						<line hits="0" number="189"/>
						<line hits="1" number="192"/>
						<line hits="0" number="233"/>
						<line hits="0" number="234"/>
						<line hits="0" number="235"/>
						<line hits="0" number="237"/>
						<line hits="0" number="238"/>
						<line hits="0" number="240"/>
						<line hits="0" number="241"/>
						<line hits="0" number="243"/>
						<line hits="0" number="244"/>
						<line hits="0" number="246"/>
						<line hits="0" number="247"/>
						<line hits="0" number="248"/>
						<line hits="0" number="250"/>
						<line hits="0" number="252"/>
						<line hits="1" number="255"/>
						<line hits="0" number="275"/>
						<line hits="0" number="277"/>
						<line hits="0" number="278"/>
						<line hits="0" number="279"/>
						<line hits="0" number="281"/>
						<line hits="0" number="283"/>
						<line hits="1" number="286"/>
						<line hits="0" number="317"/>
						<line hits="0" number="318"/>
						<line hits="0" number="319"/>
						<line hits="0" number="321"/>
						<line hits="0" number="322"/>
						<line hits="0" number="324"/>
						<line hits="0" number="325"/>
						<line hits="0" number="326"/>
						<line hits="0" number="328"/>
						<line hits="0" number="330"/>
						<line hits="1" number="333"/>
						<line hits="0" number="367"/>
						<line hits="0" number="368"/>
						<line hits="0" number="378"/>
						<line hits="0" number="379"/>
						<line hits="0" number="381"/>
						<line hits="0" number="382"/>
						<line hits="0" number="384"/>
						<line hits="0" number="385"/>
						<line hits="0" number="387"/>
						<line hits="0" number="388"/>
						<line hits="0" number="389"/>
						<line hits="0" number="391"/>
						<line hits="0" number="393"/>
						<line hits="1" number="396"/>
						<line hits="0" number="416"/>
						<line hits="0" number="418"/>
						<line hits="0" number="419"/>
						<line hits="0" number="420"/>
						<line hits="0" number="422"/>
						<line hits="0" number="424"/>
						<line hits="1" number="427"/>
						<line hits="0" number="452"/>
						<line hits="0" number="453"/>
						<line hits="0" number="454"/>
						<line hits="0" number="456"/>
						<line hits="0" number="457"/>
						<line hits="0" number="458"/>
						<line hits="0" number="460"/>
						<line hits="0" number="462"/>
						<line hits="1" number="465"/>
						<line hits="0" number="481"/>
						<line hits="0" number="483"/>
						<line hits="0" number="484"/>
						<line hits="0" number="485"/>
						<line hits="0" number="487"/>
						<line hits="0" number="489"/>
						<line hits="1" number="492"/>
						<line hits="0" number="513"/>
						<line hits="0" number="515"/>
						<line hits="0" number="516"/>
						<line hits="0" number="517"/>
						<line hits="0" number="519"/>
						<line hits="0" number="521"/>
						<line hits="1" number="524"/>
						<line hits="0" number="552"/>
						<line hits="0" number="553"/>
						<line hits="0" number="554"/>
						<line hits="0" number="556"/>
						<line hits="0" number="557"/>
						<line hits="0" number="558"/>
						<line hits="0" number="560"/>
						<line hits="0" number="562"/>
						<line hits="1" number="565"/>
						<line hits="0" number="586"/>
						<line hits="0" number="587"/>
						<line hits="0" number="588"/>
						<line hits="0" number="590"/>
						<line hits="0" number="591"/>
						<line hits="0" number="592"/>
						<line hits="0" number="594"/>
						<line hits="0" number="596"/>
						<line hits="1" number="599"/>
						<line hits="0" number="626"/>
						<line hits="0" number="627"/>
						<line hits="0" number="628"/>
						<line hits="0" number="630"/>
						<line hits="0" number="631"/>
						<line hits="0" number="632"/>
						<line hits="0" number="634"/>
						<line hits="0" number="636"/>
						<line hits="1" number="639"/>
						<line hits="0" number="660"/>
						<line hits="0" number="662"/>
						<line hits="0" number="663"/>
						<line hits="0" number="664"/>
						<line hits="0" number="666"/>
						<line hits="0" number="668"/>
						<line hits="1" number="671"/>
						<line hits="0" number="734"/>
						<line hits="0" number="735"/>
						<line hits="0" number="736"/>
						<line hits="0" number="738"/>
						<line hits="0" number="739"/>
						<line hits="0" number="741"/>
						<line hits="0" number="742"/>
						<line hits="0" number="744"/>
						<line hits="0" number="745"/>
						<line hits="0" number="747"/>
						<line hits="0" number="748"/>
						<line hits="0" number="750"/>
						<line hits="0" number="751"/>
						<line hits="0" number="753"/>
						<line hits="0" number="754"/>
						<line hits="0" number="756"/>
						<line hits="0" number="757"/>
						<line hits="0" number="759"/>
						<line hits="0" number="760"/>
						<line hits="0" number="761"/>
						<line hits="0" number="763"/>
						<line hits="0" number="765"/>
						<line hits="1" number="768"/>
						<line hits="0" number="789"/>
						<line hits="0" number="790"/>
						<line hits="0" number="791"/>
						<line hits="0" number="793"/>
						<line hits="0" number="794"/>
						<line hits="0" number="795"/>
						<line hits="0" number="797"/>
						<line hits="0" number="799"/>
						<line hits="1" number="802"/>
						<line hits="0" number="841"/>
						<line hits="0" number="842"/>
						<line hits="0" number="843"/>
						<line hits="0" number="845"/>
						<line hits="0" number="846"/>
						<line hits="0" number="848"/>
						<line hits="0" number="849"/>
						<line hits="0" number="851"/>
						<line hits="0" number="852"/>
						<line hits="0" number="854"/>
						<line hits="0" number="855"/>
						<line hits="0" number="857"/>
						<line hits="0" number="858"/>
						<line hits="0" number="859"/>
						<line hits="0" number="861"/>
						<line hits="0" number="863"/>
						<line hits="1" number="866"/>
						<line hits="0" number="918"/>
						<line hits="0" number="919"/>
						<line hits="0" number="920"/>
						<line hits="0" number="922"/>
						<line hits="0" number="923"/>
						<line hits="0" number="925"/>
						<line hits="0" number="926"/>
						<line hits="0" number="928"/>
						<line hits="0" number="929"/>
						<line hits="0" number="931"/>
						<line hits="0" number="932"/>
						<line hits="0" number="934"/>
						<line hits="0" number="935"/>
						<line hits="0" number="937"/>
						<line hits="0" number="938"/>
						<line hits="0" number="940"/>
						<line hits="0" number="941"/>
						<line hits="0" number="942"/>
						<line hits="0" number="944"/>
						<line hits="0" number="946"/>
						<line hits="1" number="949"/>
						<line hits="0" number="974"/>
						<line hits="0" number="975"/>
						<line hits="0" number="976"/>
						<line hits="0" number="978"/>
						<line hits="0" number="979"/>
						<line hits="0" number="981"/>
						<line hits="0" number="982"/>
						<line hits="0" number="983"/>
						<line hits="0" number="985"/>
						<line hits="0" number="987"/>
						<line hits="1" number="990"/>
						<line hits="0" number="1030"/>
						<line hits="0" number="1031"/>
						<line hits="0" number="1032"/>
						<line hits="0" number="1033"/>
						<line hits="0" number="1034"/>
						<line hits="0" number="1035"/>
						<line hits="0" number="1036"/>
						<line hits="0" number="1037"/>
						<line hits="0" number="1038"/>
						<line hits="1" number="1041"/>
						<line hits="0" number="1061"/>
						<line hits="0" number="1062"/>
						<line hits="0" number="1063"/>
						<line hits="0" number="1064"/>
						<line hits="0" number="1065"/>
						<line hits="0" number="1066"/>
						<line hits="0" number="1067"/>
					</lines>
				</class>
				<class branch-rate="0" complexity="0" filename="/home/alex/python/pyvista/pyvista/utilities/sphinx_gallery.py" line-rate="0.2381" name="sphinx_gallery.py">
					<methods/>
					<lines>
						<line hits="1" number="3"/>
						<line hits="1" number="5"/>
						<line hits="1" number="8"/>
						<line hits="0" number="17"/>
						<line hits="1" number="20"/>
						<line hits="1" number="30"/>
						<line hits="0" number="36"/>
						<line hits="0" number="37"/>
						<line hits="0" number="38"/>
						<line hits="0" number="39"/>
						<line hits="0" number="40"/>
						<line hits="0" number="41"/>
						<line hits="0" number="42"/>
						<line hits="0" number="43"/>
						<line hits="0" number="44"/>
						<line hits="0" number="45"/>
						<line hits="0" number="47"/>
						<line hits="0" number="49"/>
						<line hits="0" number="50"/>
						<line hits="0" number="51"/>
						<line hits="0" number="52"/>
					</lines>
				</class>
			</classes>
		</package>
	</packages>
</coverage>
